{"/Users/kermit/Code/riff-app/frontend/src/App.tsx": {"path":"/Users/kermit/Code/riff-app/frontend/src/App.tsx","statementMap":{"0":{"start":{"line":18,"column":16},"end":{"line":18,"column":30}},"1":{"start":{"line":20,"column":29},"end":{"line":231,"column":1}},"2":{"start":{"line":21,"column":37},"end":{"line":21,"column":46}},"3":{"start":{"line":22,"column":46},"end":{"line":22,"column":75}},"4":{"start":{"line":23,"column":52},"end":{"line":23,"column":81}},"5":{"start":{"line":24,"column":46},"end":{"line":24,"column":61}},"6":{"start":{"line":25,"column":52},"end":{"line":25,"column":67}},"7":{"start":{"line":26,"column":21},"end":{"line":26,"column":55}},"8":{"start":{"line":28,"column":27},"end":{"line":31,"column":3}},"9":{"start":{"line":29,"column":4},"end":{"line":29,"column":30}},"10":{"start":{"line":30,"column":4},"end":{"line":30,"column":36}},"11":{"start":{"line":33,"column":29},"end":{"line":35,"column":3}},"12":{"start":{"line":34,"column":4},"end":{"line":34,"column":28}},"13":{"start":{"line":38,"column":2},"end":{"line":75,"column":9}},"14":{"start":{"line":39,"column":34},"end":{"line":66,"column":5}},"15":{"start":{"line":40,"column":25},"end":{"line":40,"column":37}},"16":{"start":{"line":41,"column":6},"end":{"line":41,"column":77}},"17":{"start":{"line":43,"column":6},"end":{"line":43,"column":32}},"18":{"start":{"line":46,"column":29},"end":{"line":63,"column":7}},"19":{"start":{"line":47,"column":8},"end":{"line":62,"column":9}},"20":{"start":{"line":48,"column":34},"end":{"line":52,"column":21}},"21":{"start":{"line":54,"column":10},"end":{"line":57,"column":11}},"22":{"start":{"line":55,"column":12},"end":{"line":55,"column":63}},"23":{"start":{"line":56,"column":12},"end":{"line":56,"column":19}},"24":{"start":{"line":59,"column":10},"end":{"line":59,"column":43}},"25":{"start":{"line":61,"column":10},"end":{"line":61,"column":59}},"26":{"start":{"line":65,"column":6},"end":{"line":65,"column":23}},"27":{"start":{"line":69,"column":4},"end":{"line":69,"column":83}},"28":{"start":{"line":72,"column":4},"end":{"line":74,"column":6}},"29":{"start":{"line":73,"column":6},"end":{"line":73,"column":88}},"30":{"start":{"line":78,"column":2},"end":{"line":102,"column":23}},"31":{"start":{"line":79,"column":4},"end":{"line":79,"column":32}},"32":{"start":{"line":79,"column":25},"end":{"line":79,"column":32}},"33":{"start":{"line":81,"column":20},"end":{"line":97,"column":18}},"34":{"start":{"line":92,"column":10},"end":{"line":94,"column":11}},"35":{"start":{"line":93,"column":12},"end":{"line":93,"column":52}},"36":{"start":{"line":99,"column":4},"end":{"line":101,"column":6}},"37":{"start":{"line":100,"column":6},"end":{"line":100,"column":28}},"38":{"start":{"line":105,"column":2},"end":{"line":139,"column":32}},"39":{"start":{"line":106,"column":4},"end":{"line":106,"column":43}},"40":{"start":{"line":106,"column":36},"end":{"line":106,"column":43}},"41":{"start":{"line":108,"column":25},"end":{"line":136,"column":5}},"42":{"start":{"line":109,"column":6},"end":{"line":135,"column":7}},"43":{"start":{"line":111,"column":38},"end":{"line":111,"column":70}},"44":{"start":{"line":112,"column":22},"end":{"line":112,"column":55}},"45":{"start":{"line":114,"column":8},"end":{"line":114,"column":27}},"46":{"start":{"line":114,"column":20},"end":{"line":114,"column":27}},"47":{"start":{"line":116,"column":25},"end":{"line":120,"column":10}},"48":{"start":{"line":122,"column":8},"end":{"line":125,"column":9}},"49":{"start":{"line":123,"column":10},"end":{"line":123,"column":50}},"50":{"start":{"line":124,"column":10},"end":{"line":124,"column":17}},"51":{"start":{"line":127,"column":23},"end":{"line":127,"column":44}},"52":{"start":{"line":128,"column":8},"end":{"line":131,"column":9}},"53":{"start":{"line":130,"column":10},"end":{"line":130,"column":34}},"54":{"start":{"line":132,"column":8},"end":{"line":132,"column":35}},"55":{"start":{"line":134,"column":8},"end":{"line":134,"column":57}},"56":{"start":{"line":138,"column":4},"end":{"line":138,"column":19}},"57":{"start":{"line":141,"column":2},"end":{"line":151,"column":3}},"58":{"start":{"line":142,"column":4},"end":{"line":150,"column":6}},"59":{"start":{"line":154,"column":2},"end":{"line":154,"column":38}},"60":{"start":{"line":158,"column":4},"end":{"line":206,"column":10}},"61":{"start":{"line":211,"column":4},"end":{"line":214,"column":6}},"62":{"start":{"line":213,"column":21},"end":{"line":213,"column":45}},"63":{"start":{"line":218,"column":2},"end":{"line":230,"column":4}},"64":{"start":{"line":233,"column":22},"end":{"line":239,"column":1}},"65":{"start":{"line":234,"column":2},"end":{"line":238,"column":4}}},"fnMap":{"0":{"name":"(anonymous_0)","decl":{"start":{"line":20,"column":29},"end":{"line":20,"column":30}},"loc":{"start":{"line":20,"column":35},"end":{"line":231,"column":1}},"line":20},"1":{"name":"(anonymous_1)","decl":{"start":{"line":28,"column":27},"end":{"line":28,"column":28}},"loc":{"start":{"line":28,"column":80},"end":{"line":31,"column":3}},"line":28},"2":{"name":"(anonymous_2)","decl":{"start":{"line":33,"column":29},"end":{"line":33,"column":30}},"loc":{"start":{"line":33,"column":35},"end":{"line":35,"column":3}},"line":33},"3":{"name":"(anonymous_3)","decl":{"start":{"line":38,"column":12},"end":{"line":38,"column":13}},"loc":{"start":{"line":38,"column":18},"end":{"line":75,"column":3}},"line":38},"4":{"name":"(anonymous_4)","decl":{"start":{"line":39,"column":34},"end":{"line":39,"column":35}},"loc":{"start":{"line":39,"column":58},"end":{"line":66,"column":5}},"line":39},"5":{"name":"(anonymous_5)","decl":{"start":{"line":46,"column":29},"end":{"line":46,"column":30}},"loc":{"start":{"line":46,"column":41},"end":{"line":63,"column":7}},"line":46},"6":{"name":"(anonymous_6)","decl":{"start":{"line":72,"column":11},"end":{"line":72,"column":12}},"loc":{"start":{"line":72,"column":17},"end":{"line":74,"column":5}},"line":72},"7":{"name":"(anonymous_7)","decl":{"start":{"line":78,"column":12},"end":{"line":78,"column":13}},"loc":{"start":{"line":78,"column":18},"end":{"line":102,"column":3}},"line":78},"8":{"name":"(anonymous_8)","decl":{"start":{"line":91,"column":8},"end":{"line":91,"column":9}},"loc":{"start":{"line":91,"column":21},"end":{"line":95,"column":9}},"line":91},"9":{"name":"(anonymous_9)","decl":{"start":{"line":99,"column":11},"end":{"line":99,"column":12}},"loc":{"start":{"line":99,"column":17},"end":{"line":101,"column":5}},"line":99},"10":{"name":"(anonymous_10)","decl":{"start":{"line":105,"column":12},"end":{"line":105,"column":13}},"loc":{"start":{"line":105,"column":18},"end":{"line":139,"column":3}},"line":105},"11":{"name":"(anonymous_11)","decl":{"start":{"line":108,"column":25},"end":{"line":108,"column":26}},"loc":{"start":{"line":108,"column":37},"end":{"line":136,"column":5}},"line":108},"12":{"name":"(anonymous_12)","decl":{"start":{"line":213,"column":15},"end":{"line":213,"column":16}},"loc":{"start":{"line":213,"column":21},"end":{"line":213,"column":45}},"line":213},"13":{"name":"(anonymous_13)","decl":{"start":{"line":233,"column":22},"end":{"line":233,"column":23}},"loc":{"start":{"line":233,"column":28},"end":{"line":239,"column":1}},"line":233}},"branchMap":{"0":{"loc":{"start":{"line":54,"column":10},"end":{"line":57,"column":11}},"type":"if","locations":[{"start":{"line":54,"column":10},"end":{"line":57,"column":11}},{"start":{},"end":{}}],"line":54},"1":{"loc":{"start":{"line":79,"column":4},"end":{"line":79,"column":32}},"type":"if","locations":[{"start":{"line":79,"column":4},"end":{"line":79,"column":32}},{"start":{},"end":{}}],"line":79},"2":{"loc":{"start":{"line":92,"column":10},"end":{"line":94,"column":11}},"type":"if","locations":[{"start":{"line":92,"column":10},"end":{"line":94,"column":11}},{"start":{},"end":{}}],"line":92},"3":{"loc":{"start":{"line":92,"column":14},"end":{"line":92,"column":46}},"type":"binary-expr","locations":[{"start":{"line":92,"column":14},"end":{"line":92,"column":25}},{"start":{"line":92,"column":29},"end":{"line":92,"column":46}}],"line":92},"4":{"loc":{"start":{"line":106,"column":4},"end":{"line":106,"column":43}},"type":"if","locations":[{"start":{"line":106,"column":4},"end":{"line":106,"column":43}},{"start":{},"end":{}}],"line":106},"5":{"loc":{"start":{"line":106,"column":8},"end":{"line":106,"column":34}},"type":"binary-expr","locations":[{"start":{"line":106,"column":8},"end":{"line":106,"column":13}},{"start":{"line":106,"column":17},"end":{"line":106,"column":34}}],"line":106},"6":{"loc":{"start":{"line":114,"column":8},"end":{"line":114,"column":27}},"type":"if","locations":[{"start":{"line":114,"column":8},"end":{"line":114,"column":27}},{"start":{},"end":{}}],"line":114},"7":{"loc":{"start":{"line":122,"column":8},"end":{"line":125,"column":9}},"type":"if","locations":[{"start":{"line":122,"column":8},"end":{"line":125,"column":9}},{"start":{},"end":{}}],"line":122},"8":{"loc":{"start":{"line":128,"column":8},"end":{"line":131,"column":9}},"type":"if","locations":[{"start":{"line":128,"column":8},"end":{"line":131,"column":9}},{"start":{},"end":{}}],"line":128},"9":{"loc":{"start":{"line":141,"column":2},"end":{"line":151,"column":3}},"type":"if","locations":[{"start":{"line":141,"column":2},"end":{"line":151,"column":3}},{"start":{},"end":{}}],"line":141},"10":{"loc":{"start":{"line":219,"column":27},"end":{"line":219,"column":56}},"type":"binary-expr","locations":[{"start":{"line":219,"column":27},"end":{"line":219,"column":48}},{"start":{"line":219,"column":52},"end":{"line":219,"column":56}}],"line":219},"11":{"loc":{"start":{"line":222,"column":22},"end":{"line":222,"column":66}},"type":"binary-expr","locations":[{"start":{"line":222,"column":22},"end":{"line":222,"column":58}},{"start":{"line":222,"column":62},"end":{"line":222,"column":66}}],"line":222},"12":{"loc":{"start":{"line":223,"column":15},"end":{"line":223,"column":45}},"type":"binary-expr","locations":[{"start":{"line":223,"column":15},"end":{"line":223,"column":37}},{"start":{"line":223,"column":41},"end":{"line":223,"column":45}}],"line":223}},"s":{"0":0,"1":0,"2":0,"3":0,"4":0,"5":0,"6":0,"7":0,"8":0,"9":0,"10":0,"11":0,"12":0,"13":0,"14":0,"15":0,"16":0,"17":0,"18":0,"19":0,"20":0,"21":0,"22":0,"23":0,"24":0,"25":0,"26":0,"27":0,"28":0,"29":0,"30":0,"31":0,"32":0,"33":0,"34":0,"35":0,"36":0,"37":0,"38":0,"39":0,"40":0,"41":0,"42":0,"43":0,"44":0,"45":0,"46":0,"47":0,"48":0,"49":0,"50":0,"51":0,"52":0,"53":0,"54":0,"55":0,"56":0,"57":0,"58":0,"59":0,"60":0,"61":0,"62":0,"63":0,"64":0,"65":0},"f":{"0":0,"1":0,"2":0,"3":0,"4":0,"5":0,"6":0,"7":0,"8":0,"9":0,"10":0,"11":0,"12":0,"13":0},"b":{"0":[0,0],"1":[0,0],"2":[0,0],"3":[0,0],"4":[0,0],"5":[0,0],"6":[0,0],"7":[0,0],"8":[0,0],"9":[0,0],"10":[0,0],"11":[0,0],"12":[0,0]}}
,"/Users/kermit/Code/riff-app/frontend/src/components/ConnectionStatus.tsx": {"path":"/Users/kermit/Code/riff-app/frontend/src/components/ConnectionStatus.tsx","statementMap":{"0":{"start":{"line":4,"column":35},"end":{"line":96,"column":1}},"1":{"start":{"line":5,"column":31},"end":{"line":5,"column":42}},"2":{"start":{"line":6,"column":46},"end":{"line":6,"column":73}},"3":{"start":{"line":7,"column":38},"end":{"line":7,"column":53}},"4":{"start":{"line":10,"column":2},"end":{"line":32,"column":9}},"5":{"start":{"line":11,"column":36},"end":{"line":26,"column":5}},"6":{"start":{"line":12,"column":6},"end":{"line":25,"column":7}},"7":{"start":{"line":14,"column":26},"end":{"line":14,"column":36}},"8":{"start":{"line":15,"column":8},"end":{"line":19,"column":11}},"9":{"start":{"line":20,"column":25},"end":{"line":20,"column":47}},"10":{"start":{"line":21,"column":8},"end":{"line":21,"column":55}},"11":{"start":{"line":23,"column":8},"end":{"line":23,"column":59}},"12":{"start":{"line":24,"column":8},"end":{"line":24,"column":42}},"13":{"start":{"line":28,"column":4},"end":{"line":28,"column":30}},"14":{"start":{"line":29,"column":21},"end":{"line":29,"column":64}},"15":{"start":{"line":31,"column":4},"end":{"line":31,"column":41}},"16":{"start":{"line":31,"column":17},"end":{"line":31,"column":40}},"17":{"start":{"line":34,"column":25},"end":{"line":46,"column":3}},"18":{"start":{"line":35,"column":4},"end":{"line":45,"column":5}},"19":{"start":{"line":37,"column":8},"end":{"line":37,"column":25}},"20":{"start":{"line":39,"column":8},"end":{"line":39,"column":25}},"21":{"start":{"line":42,"column":8},"end":{"line":42,"column":25}},"22":{"start":{"line":44,"column":8},"end":{"line":44,"column":25}},"23":{"start":{"line":48,"column":23},"end":{"line":50,"column":3}},"24":{"start":{"line":49,"column":4},"end":{"line":49,"column":31}},"25":{"start":{"line":52,"column":2},"end":{"line":95,"column":4}}},"fnMap":{"0":{"name":"(anonymous_0)","decl":{"start":{"line":4,"column":35},"end":{"line":4,"column":36}},"loc":{"start":{"line":4,"column":41},"end":{"line":96,"column":1}},"line":4},"1":{"name":"(anonymous_1)","decl":{"start":{"line":10,"column":12},"end":{"line":10,"column":13}},"loc":{"start":{"line":10,"column":18},"end":{"line":32,"column":3}},"line":10},"2":{"name":"(anonymous_2)","decl":{"start":{"line":11,"column":36},"end":{"line":11,"column":37}},"loc":{"start":{"line":11,"column":48},"end":{"line":26,"column":5}},"line":11},"3":{"name":"(anonymous_3)","decl":{"start":{"line":31,"column":11},"end":{"line":31,"column":12}},"loc":{"start":{"line":31,"column":17},"end":{"line":31,"column":40}},"line":31},"4":{"name":"(anonymous_4)","decl":{"start":{"line":34,"column":25},"end":{"line":34,"column":26}},"loc":{"start":{"line":34,"column":53},"end":{"line":46,"column":3}},"line":34},"5":{"name":"(anonymous_5)","decl":{"start":{"line":48,"column":23},"end":{"line":48,"column":24}},"loc":{"start":{"line":48,"column":29},"end":{"line":50,"column":3}},"line":48}},"branchMap":{"0":{"loc":{"start":{"line":35,"column":4},"end":{"line":45,"column":5}},"type":"switch","locations":[{"start":{"line":36,"column":6},"end":{"line":37,"column":25}},{"start":{"line":38,"column":6},"end":{"line":39,"column":25}},{"start":{"line":40,"column":6},"end":{"line":40,"column":26}},{"start":{"line":41,"column":6},"end":{"line":42,"column":25}},{"start":{"line":43,"column":6},"end":{"line":44,"column":25}}],"line":35},"1":{"loc":{"start":{"line":73,"column":11},"end":{"line":76,"column":29}},"type":"cond-expr","locations":[{"start":{"line":73,"column":46},"end":{"line":73,"column":54}},{"start":{"line":74,"column":11},"end":{"line":76,"column":29}}],"line":73},"2":{"loc":{"start":{"line":74,"column":11},"end":{"line":76,"column":29}},"type":"cond-expr","locations":[{"start":{"line":74,"column":47},"end":{"line":74,"column":62}},{"start":{"line":75,"column":11},"end":{"line":76,"column":29}}],"line":74},"3":{"loc":{"start":{"line":75,"column":11},"end":{"line":76,"column":29}},"type":"cond-expr","locations":[{"start":{"line":75,"column":49},"end":{"line":75,"column":58}},{"start":{"line":76,"column":11},"end":{"line":76,"column":29}}],"line":75},"4":{"loc":{"start":{"line":80,"column":7},"end":{"line":93,"column":7}},"type":"binary-expr","locations":[{"start":{"line":80,"column":7},"end":{"line":80,"column":17}},{"start":{"line":81,"column":8},"end":{"line":92,"column":14}}],"line":80},"5":{"loc":{"start":{"line":91,"column":35},"end":{"line":91,"column":66}},"type":"cond-expr","locations":[{"start":{"line":91,"column":54},"end":{"line":91,"column":59}},{"start":{"line":91,"column":62},"end":{"line":91,"column":66}}],"line":91}},"s":{"0":1,"1":11,"2":11,"3":10,"4":10,"5":7,"6":7,"7":7,"8":7,"9":7,"10":7,"11":0,"12":0,"13":7,"14":7,"15":7,"16":7,"17":10,"18":10,"19":7,"20":1,"21":2,"22":0,"23":10,"24":3,"25":10},"f":{"0":11,"1":7,"2":7,"3":7,"4":10,"5":3},"b":{"0":[7,1,1,2,0],"1":[7,3],"2":[1,2],"3":[1,1],"4":[10,2],"5":[2,0]},"_coverageSchema":"1a1c01bbd47fc00a2c39e90264f33305004495a9","hash":"c6139a1cb36b52204ba6d7ebd16957f82ecb5f97"}
,"/Users/kermit/Code/riff-app/frontend/src/contexts/SocketContext.tsx": {"path":"/Users/kermit/Code/riff-app/frontend/src/contexts/SocketContext.tsx","statementMap":{"0":{"start":{"line":9,"column":22},"end":{"line":9,"column":77}},"1":{"start":{"line":11,"column":93},"end":{"line":102,"column":1}},"2":{"start":{"line":15,"column":30},"end":{"line":15,"column":59}},"3":{"start":{"line":16,"column":50},"end":{"line":16,"column":129}},"4":{"start":{"line":17,"column":28},"end":{"line":17,"column":37}},"5":{"start":{"line":18,"column":31},"end":{"line":18,"column":32}},"6":{"start":{"line":19,"column":28},"end":{"line":19,"column":63}},"7":{"start":{"line":21,"column":2},"end":{"line":99,"column":14}},"8":{"start":{"line":22,"column":4},"end":{"line":25,"column":5}},"9":{"start":{"line":23,"column":6},"end":{"line":23,"column":42}},"10":{"start":{"line":24,"column":6},"end":{"line":24,"column":13}},"11":{"start":{"line":27,"column":26},"end":{"line":87,"column":5}},"12":{"start":{"line":28,"column":6},"end":{"line":28,"column":40}},"13":{"start":{"line":29,"column":25},"end":{"line":29,"column":85}},"14":{"start":{"line":30,"column":6},"end":{"line":30,"column":80}},"15":{"start":{"line":32,"column":24},"end":{"line":39,"column":8}},"16":{"start":{"line":41,"column":6},"end":{"line":50,"column":9}},"17":{"start":{"line":42,"column":8},"end":{"line":42,"column":53}},"18":{"start":{"line":43,"column":8},"end":{"line":43,"column":41}},"19":{"start":{"line":44,"column":8},"end":{"line":44,"column":38}},"20":{"start":{"line":46,"column":8},"end":{"line":49,"column":9}},"21":{"start":{"line":47,"column":10},"end":{"line":47,"column":51}},"22":{"start":{"line":48,"column":10},"end":{"line":48,"column":43}},"23":{"start":{"line":52,"column":6},"end":{"line":61,"column":9}},"24":{"start":{"line":53,"column":8},"end":{"line":53,"column":58}},"25":{"start":{"line":54,"column":8},"end":{"line":54,"column":44}},"26":{"start":{"line":56,"column":8},"end":{"line":60,"column":9}},"27":{"start":{"line":58,"column":10},"end":{"line":58,"column":88}},"28":{"start":{"line":59,"column":10},"end":{"line":59,"column":30}},"29":{"start":{"line":63,"column":6},"end":{"line":82,"column":9}},"30":{"start":{"line":64,"column":8},"end":{"line":64,"column":60}},"31":{"start":{"line":65,"column":8},"end":{"line":65,"column":37}},"32":{"start":{"line":67,"column":8},"end":{"line":81,"column":9}},"33":{"start":{"line":68,"column":10},"end":{"line":68,"column":41}},"34":{"start":{"line":69,"column":10},"end":{"line":69,"column":117}},"35":{"start":{"line":71,"column":10},"end":{"line":71,"column":84}},"36":{"start":{"line":73,"column":10},"end":{"line":80,"column":11}},"37":{"start":{"line":75,"column":12},"end":{"line":79,"column":22}},"38":{"start":{"line":76,"column":14},"end":{"line":76,"column":76}},"39":{"start":{"line":77,"column":14},"end":{"line":77,"column":44}},"40":{"start":{"line":78,"column":14},"end":{"line":78,"column":34}},"41":{"start":{"line":84,"column":6},"end":{"line":84,"column":27}},"42":{"start":{"line":86,"column":6},"end":{"line":86,"column":23}},"43":{"start":{"line":89,"column":19},"end":{"line":89,"column":34}},"44":{"start":{"line":91,"column":4},"end":{"line":98,"column":6}},"45":{"start":{"line":92,"column":6},"end":{"line":94,"column":7}},"46":{"start":{"line":93,"column":8},"end":{"line":93,"column":49}},"47":{"start":{"line":96,"column":6},"end":{"line":96,"column":26}},"48":{"start":{"line":97,"column":6},"end":{"line":97,"column":42}},"49":{"start":{"line":101,"column":2},"end":{"line":101,"column":106}},"50":{"start":{"line":104,"column":25},"end":{"line":108,"column":1}},"51":{"start":{"line":105,"column":18},"end":{"line":105,"column":43}},"52":{"start":{"line":106,"column":2},"end":{"line":106,"column":82}},"53":{"start":{"line":106,"column":16},"end":{"line":106,"column":82}},"54":{"start":{"line":107,"column":2},"end":{"line":107,"column":17}}},"fnMap":{"0":{"name":"(anonymous_0)","decl":{"start":{"line":11,"column":93},"end":{"line":11,"column":94}},"loc":{"start":{"line":14,"column":6},"end":{"line":102,"column":1}},"line":14},"1":{"name":"(anonymous_1)","decl":{"start":{"line":21,"column":12},"end":{"line":21,"column":13}},"loc":{"start":{"line":21,"column":18},"end":{"line":99,"column":3}},"line":21},"2":{"name":"(anonymous_2)","decl":{"start":{"line":27,"column":26},"end":{"line":27,"column":27}},"loc":{"start":{"line":27,"column":32},"end":{"line":87,"column":5}},"line":27},"3":{"name":"(anonymous_3)","decl":{"start":{"line":41,"column":30},"end":{"line":41,"column":31}},"loc":{"start":{"line":41,"column":36},"end":{"line":50,"column":7}},"line":41},"4":{"name":"(anonymous_4)","decl":{"start":{"line":52,"column":33},"end":{"line":52,"column":34}},"loc":{"start":{"line":52,"column":45},"end":{"line":61,"column":7}},"line":52},"5":{"name":"(anonymous_5)","decl":{"start":{"line":63,"column":36},"end":{"line":63,"column":37}},"loc":{"start":{"line":63,"column":47},"end":{"line":82,"column":7}},"line":63},"6":{"name":"(anonymous_6)","decl":{"start":{"line":75,"column":52},"end":{"line":75,"column":53}},"loc":{"start":{"line":75,"column":58},"end":{"line":79,"column":13}},"line":75},"7":{"name":"(anonymous_7)","decl":{"start":{"line":91,"column":11},"end":{"line":91,"column":12}},"loc":{"start":{"line":91,"column":17},"end":{"line":98,"column":5}},"line":91},"8":{"name":"(anonymous_8)","decl":{"start":{"line":104,"column":25},"end":{"line":104,"column":26}},"loc":{"start":{"line":104,"column":31},"end":{"line":108,"column":1}},"line":104}},"branchMap":{"0":{"loc":{"start":{"line":22,"column":4},"end":{"line":25,"column":5}},"type":"if","locations":[{"start":{"line":22,"column":4},"end":{"line":25,"column":5}},{"start":{},"end":{}}],"line":22},"1":{"loc":{"start":{"line":29,"column":25},"end":{"line":29,"column":85}},"type":"binary-expr","locations":[{"start":{"line":29,"column":25},"end":{"line":29,"column":58}},{"start":{"line":29,"column":62},"end":{"line":29,"column":85}}],"line":29},"2":{"loc":{"start":{"line":46,"column":8},"end":{"line":49,"column":9}},"type":"if","locations":[{"start":{"line":46,"column":8},"end":{"line":49,"column":9}},{"start":{},"end":{}}],"line":46},"3":{"loc":{"start":{"line":56,"column":8},"end":{"line":60,"column":9}},"type":"if","locations":[{"start":{"line":56,"column":8},"end":{"line":60,"column":9}},{"start":{},"end":{}}],"line":56},"4":{"loc":{"start":{"line":67,"column":8},"end":{"line":81,"column":9}},"type":"if","locations":[{"start":{"line":67,"column":8},"end":{"line":81,"column":9}},{"start":{"line":70,"column":15},"end":{"line":81,"column":9}}],"line":67},"5":{"loc":{"start":{"line":73,"column":10},"end":{"line":80,"column":11}},"type":"if","locations":[{"start":{"line":73,"column":10},"end":{"line":80,"column":11}},{"start":{},"end":{}}],"line":73},"6":{"loc":{"start":{"line":92,"column":6},"end":{"line":94,"column":7}},"type":"if","locations":[{"start":{"line":92,"column":6},"end":{"line":94,"column":7}},{"start":{},"end":{}}],"line":92},"7":{"loc":{"start":{"line":106,"column":2},"end":{"line":106,"column":82}},"type":"if","locations":[{"start":{"line":106,"column":2},"end":{"line":106,"column":82}},{"start":{},"end":{}}],"line":106}},"s":{"0":0,"1":0,"2":0,"3":0,"4":0,"5":0,"6":0,"7":0,"8":0,"9":0,"10":0,"11":0,"12":0,"13":0,"14":0,"15":0,"16":0,"17":0,"18":0,"19":0,"20":0,"21":0,"22":0,"23":0,"24":0,"25":0,"26":0,"27":0,"28":0,"29":0,"30":0,"31":0,"32":0,"33":0,"34":0,"35":0,"36":0,"37":0,"38":0,"39":0,"40":0,"41":0,"42":0,"43":0,"44":0,"45":0,"46":0,"47":0,"48":0,"49":0,"50":0,"51":0,"52":0,"53":0,"54":0},"f":{"0":0,"1":0,"2":0,"3":0,"4":0,"5":0,"6":0,"7":0,"8":0},"b":{"0":[0,0],"1":[0,0],"2":[0,0],"3":[0,0],"4":[0,0],"5":[0,0],"6":[0,0],"7":[0,0]}}
,"/Users/kermit/Code/riff-app/frontend/src/pages/CanvasPage.tsx": {"path":"/Users/kermit/Code/riff-app/frontend/src/pages/CanvasPage.tsx","statementMap":{"0":{"start":{"line":63,"column":29},"end":{"line":65,"column":1}},"1":{"start":{"line":67,"column":29},"end":{"line":67,"column":31}},"2":{"start":{"line":70,"column":16},"end":{"line":70,"column":20}},"3":{"start":{"line":72,"column":24},"end":{"line":72,"column":44}},"4":{"start":{"line":86,"column":46},"end":{"line":1171,"column":1}},"5":{"start":{"line":87,"column":19},"end":{"line":87,"column":28}},"6":{"start":{"line":88,"column":21},"end":{"line":88,"column":32}},"7":{"start":{"line":89,"column":43},"end":{"line":89,"column":68}},"8":{"start":{"line":90,"column":43},"end":{"line":90,"column":70}},"9":{"start":{"line":91,"column":46},"end":{"line":91,"column":75}},"10":{"start":{"line":92,"column":62},"end":{"line":92,"column":91}},"11":{"start":{"line":93,"column":52},"end":{"line":93,"column":76}},"12":{"start":{"line":94,"column":46},"end":{"line":94,"column":75}},"13":{"start":{"line":95,"column":34},"end":{"line":95,"column":71}},"14":{"start":{"line":96,"column":35},"end":{"line":96,"column":118}},"15":{"start":{"line":99,"column":14},"end":{"line":99,"column":22}},"16":{"start":{"line":102,"column":29},"end":{"line":102,"column":62}},"17":{"start":{"line":104,"column":20},"end":{"line":107,"column":3}},"18":{"start":{"line":105,"column":28},"end":{"line":105,"column":75}},"19":{"start":{"line":105,"column":54},"end":{"line":105,"column":74}},"20":{"start":{"line":110,"column":26},"end":{"line":119,"column":8}},"21":{"start":{"line":111,"column":37},"end":{"line":116,"column":15}},"22":{"start":{"line":118,"column":4},"end":{"line":118,"column":55}},"23":{"start":{"line":122,"column":35},"end":{"line":327,"column":54}},"24":{"start":{"line":123,"column":4},"end":{"line":123,"column":22}},"25":{"start":{"line":123,"column":15},"end":{"line":123,"column":22}},"26":{"start":{"line":125,"column":4},"end":{"line":326,"column":5}},"27":{"start":{"line":126,"column":6},"end":{"line":126,"column":69}},"28":{"start":{"line":129,"column":6},"end":{"line":151,"column":7}},"29":{"start":{"line":130,"column":8},"end":{"line":130,"column":58}},"30":{"start":{"line":131,"column":8},"end":{"line":150,"column":9}},"31":{"start":{"line":133,"column":27},"end":{"line":133,"column":48}},"32":{"start":{"line":134,"column":27},"end":{"line":134,"column":48}},"33":{"start":{"line":136,"column":10},"end":{"line":146,"column":11}},"34":{"start":{"line":137,"column":12},"end":{"line":137,"column":69}},"35":{"start":{"line":138,"column":12},"end":{"line":138,"column":31}},"36":{"start":{"line":141,"column":12},"end":{"line":145,"column":13}},"37":{"start":{"line":142,"column":14},"end":{"line":142,"column":71}},"38":{"start":{"line":143,"column":14},"end":{"line":143,"column":33}},"39":{"start":{"line":144,"column":14},"end":{"line":144,"column":21}},"40":{"start":{"line":148,"column":10},"end":{"line":148,"column":84}},"41":{"start":{"line":154,"column":24},"end":{"line":154,"column":42}},"42":{"start":{"line":155,"column":6},"end":{"line":155,"column":61}},"43":{"start":{"line":158,"column":36},"end":{"line":158,"column":79}},"44":{"start":{"line":159,"column":6},"end":{"line":164,"column":9}},"45":{"start":{"line":160,"column":8},"end":{"line":162,"column":11}},"46":{"start":{"line":161,"column":10},"end":{"line":161,"column":60}},"47":{"start":{"line":163,"column":8},"end":{"line":163,"column":19}},"48":{"start":{"line":166,"column":37},"end":{"line":299,"column":7}},"49":{"start":{"line":169,"column":36},"end":{"line":169,"column":82}},"50":{"start":{"line":170,"column":47},"end":{"line":184,"column":11}},"51":{"start":{"line":173,"column":33},"end":{"line":176,"column":15}},"52":{"start":{"line":178,"column":14},"end":{"line":182,"column":16}},"53":{"start":{"line":187,"column":38},"end":{"line":187,"column":85}},"54":{"start":{"line":188,"column":42},"end":{"line":191,"column":13}},"55":{"start":{"line":188,"column":77},"end":{"line":191,"column":11}},"56":{"start":{"line":194,"column":45},"end":{"line":194,"column":47}},"57":{"start":{"line":195,"column":10},"end":{"line":212,"column":11}},"58":{"start":{"line":196,"column":42},"end":{"line":196,"column":74}},"59":{"start":{"line":197,"column":26},"end":{"line":197,"column":59}},"60":{"start":{"line":199,"column":12},"end":{"line":209,"column":13}},"61":{"start":{"line":200,"column":31},"end":{"line":204,"column":16}},"62":{"start":{"line":206,"column":14},"end":{"line":208,"column":15}},"63":{"start":{"line":207,"column":16},"end":{"line":207,"column":53}},"64":{"start":{"line":211,"column":12},"end":{"line":211,"column":66}},"65":{"start":{"line":215,"column":98},"end":{"line":215,"column":100}},"66":{"start":{"line":216,"column":10},"end":{"line":251,"column":11}},"67":{"start":{"line":217,"column":71},"end":{"line":220,"column":46}},"68":{"start":{"line":222,"column":12},"end":{"line":224,"column":13}},"69":{"start":{"line":223,"column":14},"end":{"line":223,"column":37}},"70":{"start":{"line":226,"column":12},"end":{"line":248,"column":13}},"71":{"start":{"line":227,"column":14},"end":{"line":247,"column":18}},"72":{"start":{"line":229,"column":16},"end":{"line":235,"column":17}},"73":{"start":{"line":230,"column":18},"end":{"line":234,"column":20}},"74":{"start":{"line":238,"column":42},"end":{"line":240,"column":69}},"75":{"start":{"line":242,"column":16},"end":{"line":246,"column":18}},"76":{"start":{"line":250,"column":12},"end":{"line":250,"column":64}},"77":{"start":{"line":254,"column":25},"end":{"line":254,"column":52}},"78":{"start":{"line":255,"column":25},"end":{"line":255,"column":39}},"79":{"start":{"line":257,"column":10},"end":{"line":281,"column":11}},"80":{"start":{"line":259,"column":12},"end":{"line":259,"column":58}},"81":{"start":{"line":260,"column":12},"end":{"line":260,"column":104}},"82":{"start":{"line":261,"column":17},"end":{"line":281,"column":11}},"83":{"start":{"line":264,"column":12},"end":{"line":267,"column":14}},"84":{"start":{"line":268,"column":12},"end":{"line":268,"column":104}},"85":{"start":{"line":271,"column":12},"end":{"line":271,"column":42}},"86":{"start":{"line":272,"column":12},"end":{"line":272,"column":83}},"87":{"start":{"line":275,"column":12},"end":{"line":280,"column":13}},"88":{"start":{"line":276,"column":14},"end":{"line":276,"column":78}},"89":{"start":{"line":277,"column":14},"end":{"line":277,"column":85}},"90":{"start":{"line":279,"column":14},"end":{"line":279,"column":90}},"91":{"start":{"line":283,"column":10},"end":{"line":297,"column":12}},"92":{"start":{"line":300,"column":6},"end":{"line":300,"column":31}},"93":{"start":{"line":303,"column":44},"end":{"line":305,"column":49}},"94":{"start":{"line":307,"column":6},"end":{"line":307,"column":29}},"95":{"start":{"line":307,"column":17},"end":{"line":307,"column":29}},"96":{"start":{"line":309,"column":31},"end":{"line":321,"column":9}},"97":{"start":{"line":309,"column":67},"end":{"line":321,"column":7}},"98":{"start":{"line":323,"column":6},"end":{"line":323,"column":25}},"99":{"start":{"line":325,"column":6},"end":{"line":325,"column":68}},"100":{"start":{"line":330,"column":2},"end":{"line":624,"column":101}},"101":{"start":{"line":331,"column":4},"end":{"line":331,"column":22}},"102":{"start":{"line":331,"column":15},"end":{"line":331,"column":22}},"103":{"start":{"line":333,"column":4},"end":{"line":333,"column":31}},"104":{"start":{"line":336,"column":4},"end":{"line":623,"column":5}},"105":{"start":{"line":337,"column":6},"end":{"line":411,"column":9}},"106":{"start":{"line":338,"column":8},"end":{"line":338,"column":62}},"107":{"start":{"line":340,"column":8},"end":{"line":410,"column":9}},"108":{"start":{"line":342,"column":10},"end":{"line":374,"column":13}},"109":{"start":{"line":343,"column":12},"end":{"line":345,"column":13}},"110":{"start":{"line":343,"column":35},"end":{"line":343,"column":78}},"111":{"start":{"line":344,"column":14},"end":{"line":344,"column":25}},"112":{"start":{"line":348,"column":12},"end":{"line":348,"column":41}},"113":{"start":{"line":348,"column":30},"end":{"line":348,"column":41}},"114":{"start":{"line":351,"column":29},"end":{"line":354,"column":13}},"115":{"start":{"line":356,"column":12},"end":{"line":356,"column":141}},"116":{"start":{"line":358,"column":34},"end":{"line":372,"column":13}},"117":{"start":{"line":373,"column":12},"end":{"line":373,"column":37}},"118":{"start":{"line":375,"column":15},"end":{"line":410,"column":9}},"119":{"start":{"line":377,"column":10},"end":{"line":377,"column":95}},"120":{"start":{"line":377,"column":28},"end":{"line":377,"column":93}},"121":{"start":{"line":377,"column":49},"end":{"line":377,"column":92}},"122":{"start":{"line":378,"column":10},"end":{"line":381,"column":11}},"123":{"start":{"line":379,"column":12},"end":{"line":379,"column":37}},"124":{"start":{"line":380,"column":12},"end":{"line":380,"column":36}},"125":{"start":{"line":382,"column":15},"end":{"line":410,"column":9}},"126":{"start":{"line":384,"column":10},"end":{"line":406,"column":14}},"127":{"start":{"line":384,"column":28},"end":{"line":406,"column":12}},"128":{"start":{"line":385,"column":12},"end":{"line":404,"column":13}},"129":{"start":{"line":387,"column":31},"end":{"line":390,"column":15}},"130":{"start":{"line":392,"column":14},"end":{"line":392,"column":144}},"131":{"start":{"line":394,"column":14},"end":{"line":403,"column":16}},"132":{"start":{"line":405,"column":12},"end":{"line":405,"column":24}},"133":{"start":{"line":409,"column":10},"end":{"line":409,"column":37}},"134":{"start":{"line":413,"column":6},"end":{"line":429,"column":9}},"135":{"start":{"line":414,"column":8},"end":{"line":414,"column":66}},"136":{"start":{"line":416,"column":8},"end":{"line":428,"column":10}},"137":{"start":{"line":417,"column":10},"end":{"line":427,"column":11}},"138":{"start":{"line":418,"column":12},"end":{"line":426,"column":18}},"139":{"start":{"line":431,"column":6},"end":{"line":466,"column":9}},"140":{"start":{"line":432,"column":8},"end":{"line":432,"column":68}},"141":{"start":{"line":433,"column":8},"end":{"line":433,"column":60}},"142":{"start":{"line":433,"column":53},"end":{"line":433,"column":57}},"143":{"start":{"line":434,"column":8},"end":{"line":434,"column":57}},"144":{"start":{"line":436,"column":8},"end":{"line":452,"column":10}},"145":{"start":{"line":437,"column":10},"end":{"line":451,"column":12}},"146":{"start":{"line":438,"column":12},"end":{"line":449,"column":13}},"147":{"start":{"line":439,"column":14},"end":{"line":439,"column":68}},"148":{"start":{"line":440,"column":14},"end":{"line":448,"column":16}},"149":{"start":{"line":450,"column":12},"end":{"line":450,"column":24}},"150":{"start":{"line":454,"column":8},"end":{"line":465,"column":11}},"151":{"start":{"line":455,"column":27},"end":{"line":463,"column":13}},"152":{"start":{"line":455,"column":88},"end":{"line":463,"column":11}},"153":{"start":{"line":464,"column":10},"end":{"line":464,"column":82}},"154":{"start":{"line":464,"column":39},"end":{"line":464,"column":66}},"155":{"start":{"line":468,"column":6},"end":{"line":486,"column":9}},"156":{"start":{"line":469,"column":37},"end":{"line":469,"column":41}},"157":{"start":{"line":472,"column":8},"end":{"line":472,"column":78}},"158":{"start":{"line":475,"column":8},"end":{"line":485,"column":10}},"159":{"start":{"line":476,"column":10},"end":{"line":484,"column":12}},"160":{"start":{"line":477,"column":12},"end":{"line":482,"column":13}},"161":{"start":{"line":478,"column":14},"end":{"line":481,"column":16}},"162":{"start":{"line":483,"column":12},"end":{"line":483,"column":24}},"163":{"start":{"line":489,"column":6},"end":{"line":494,"column":8}},"164":{"start":{"line":490,"column":8},"end":{"line":490,"column":34}},"165":{"start":{"line":491,"column":8},"end":{"line":491,"column":38}},"166":{"start":{"line":492,"column":8},"end":{"line":492,"column":40}},"167":{"start":{"line":493,"column":8},"end":{"line":493,"column":43}},"168":{"start":{"line":497,"column":6},"end":{"line":497,"column":82}},"169":{"start":{"line":499,"column":6},"end":{"line":622,"column":7}},"170":{"start":{"line":500,"column":24},"end":{"line":505,"column":10}},"171":{"start":{"line":508,"column":8},"end":{"line":605,"column":13}},"172":{"start":{"line":517,"column":14},"end":{"line":517,"column":68}},"173":{"start":{"line":518,"column":14},"end":{"line":518,"column":41}},"174":{"start":{"line":529,"column":14},"end":{"line":529,"column":60}},"175":{"start":{"line":530,"column":14},"end":{"line":530,"column":41}},"176":{"start":{"line":541,"column":14},"end":{"line":541,"column":69}},"177":{"start":{"line":542,"column":14},"end":{"line":590,"column":15}},"178":{"start":{"line":545,"column":16},"end":{"line":548,"column":17}},"179":{"start":{"line":546,"column":18},"end":{"line":546,"column":96}},"180":{"start":{"line":547,"column":18},"end":{"line":547,"column":25}},"181":{"start":{"line":551,"column":16},"end":{"line":589,"column":17}},"182":{"start":{"line":554,"column":18},"end":{"line":554,"column":68}},"183":{"start":{"line":555,"column":18},"end":{"line":570,"column":20}},"184":{"start":{"line":556,"column":20},"end":{"line":569,"column":22}},"185":{"start":{"line":557,"column":22},"end":{"line":567,"column":23}},"186":{"start":{"line":558,"column":41},"end":{"line":561,"column":25}},"187":{"start":{"line":562,"column":24},"end":{"line":562,"column":142}},"188":{"start":{"line":563,"column":24},"end":{"line":566,"column":26}},"189":{"start":{"line":568,"column":22},"end":{"line":568,"column":34}},"190":{"start":{"line":573,"column":18},"end":{"line":588,"column":20}},"191":{"start":{"line":574,"column":20},"end":{"line":587,"column":22}},"192":{"start":{"line":575,"column":22},"end":{"line":585,"column":23}},"193":{"start":{"line":576,"column":24},"end":{"line":584,"column":26}},"194":{"start":{"line":586,"column":22},"end":{"line":586,"column":34}},"195":{"start":{"line":594,"column":12},"end":{"line":594,"column":62}},"196":{"start":{"line":595,"column":12},"end":{"line":597,"column":13}},"197":{"start":{"line":596,"column":14},"end":{"line":596,"column":83}},"198":{"start":{"line":598,"column":12},"end":{"line":604,"column":13}},"199":{"start":{"line":599,"column":14},"end":{"line":599,"column":95}},"200":{"start":{"line":601,"column":14},"end":{"line":603,"column":23}},"201":{"start":{"line":602,"column":16},"end":{"line":602,"column":36}},"202":{"start":{"line":607,"column":8},"end":{"line":609,"column":10}},"203":{"start":{"line":608,"column":10},"end":{"line":608,"column":32}},"204":{"start":{"line":611,"column":8},"end":{"line":611,"column":68}},"205":{"start":{"line":614,"column":32},"end":{"line":617,"column":17}},"206":{"start":{"line":615,"column":10},"end":{"line":615,"column":48}},"207":{"start":{"line":616,"column":10},"end":{"line":616,"column":37}},"208":{"start":{"line":619,"column":8},"end":{"line":621,"column":10}},"209":{"start":{"line":620,"column":10},"end":{"line":620,"column":41}},"210":{"start":{"line":627,"column":2},"end":{"line":638,"column":37}},"211":{"start":{"line":628,"column":4},"end":{"line":628,"column":33}},"212":{"start":{"line":628,"column":26},"end":{"line":628,"column":33}},"213":{"start":{"line":632,"column":4},"end":{"line":637,"column":5}},"214":{"start":{"line":634,"column":6},"end":{"line":636,"column":8}},"215":{"start":{"line":635,"column":8},"end":{"line":635,"column":72}},"216":{"start":{"line":641,"column":29},"end":{"line":664,"column":3}},"217":{"start":{"line":643,"column":6},"end":{"line":643,"column":92}},"218":{"start":{"line":645,"column":6},"end":{"line":645,"column":40}},"219":{"start":{"line":648,"column":6},"end":{"line":661,"column":11}},"220":{"start":{"line":650,"column":10},"end":{"line":654,"column":11}},"221":{"start":{"line":651,"column":12},"end":{"line":651,"column":69}},"222":{"start":{"line":653,"column":12},"end":{"line":653,"column":67}},"223":{"start":{"line":657,"column":10},"end":{"line":657,"column":71}},"224":{"start":{"line":660,"column":10},"end":{"line":660,"column":42}},"225":{"start":{"line":667,"column":2},"end":{"line":680,"column":21}},"226":{"start":{"line":668,"column":4},"end":{"line":672,"column":5}},"227":{"start":{"line":669,"column":6},"end":{"line":671,"column":9}},"228":{"start":{"line":670,"column":8},"end":{"line":670,"column":84}},"229":{"start":{"line":674,"column":4},"end":{"line":679,"column":6}},"230":{"start":{"line":676,"column":6},"end":{"line":678,"column":9}},"231":{"start":{"line":677,"column":8},"end":{"line":677,"column":30}},"232":{"start":{"line":683,"column":35},"end":{"line":737,"column":20}},"233":{"start":{"line":684,"column":4},"end":{"line":684,"column":46}},"234":{"start":{"line":684,"column":39},"end":{"line":684,"column":46}},"235":{"start":{"line":687,"column":43},"end":{"line":693,"column":5}},"236":{"start":{"line":695,"column":4},"end":{"line":695,"column":32}},"237":{"start":{"line":698,"column":4},"end":{"line":736,"column":7}},"238":{"start":{"line":700,"column":27},"end":{"line":700,"column":57}},"239":{"start":{"line":702,"column":6},"end":{"line":735,"column":7}},"240":{"start":{"line":703,"column":8},"end":{"line":703,"column":75}},"241":{"start":{"line":706,"column":8},"end":{"line":734,"column":9}},"242":{"start":{"line":707,"column":63},"end":{"line":707,"column":109}},"243":{"start":{"line":710,"column":10},"end":{"line":720,"column":13}},"244":{"start":{"line":711,"column":36},"end":{"line":711,"column":78}},"245":{"start":{"line":711,"column":69},"end":{"line":711,"column":76}},"246":{"start":{"line":712,"column":29},"end":{"line":712,"column":87}},"247":{"start":{"line":712,"column":57},"end":{"line":712,"column":86}},"248":{"start":{"line":715,"column":12},"end":{"line":718,"column":13}},"249":{"start":{"line":716,"column":14},"end":{"line":716,"column":73}},"250":{"start":{"line":717,"column":14},"end":{"line":717,"column":52}},"251":{"start":{"line":719,"column":12},"end":{"line":719,"column":32}},"252":{"start":{"line":723,"column":10},"end":{"line":733,"column":13}},"253":{"start":{"line":724,"column":36},"end":{"line":724,"column":78}},"254":{"start":{"line":724,"column":69},"end":{"line":724,"column":76}},"255":{"start":{"line":725,"column":29},"end":{"line":725,"column":87}},"256":{"start":{"line":725,"column":57},"end":{"line":725,"column":86}},"257":{"start":{"line":728,"column":12},"end":{"line":731,"column":13}},"258":{"start":{"line":729,"column":14},"end":{"line":729,"column":73}},"259":{"start":{"line":730,"column":14},"end":{"line":730,"column":52}},"260":{"start":{"line":732,"column":12},"end":{"line":732,"column":32}},"261":{"start":{"line":740,"column":28},"end":{"line":766,"column":3}},"262":{"start":{"line":743,"column":6},"end":{"line":763,"column":7}},"263":{"start":{"line":745,"column":8},"end":{"line":745,"column":76}},"264":{"start":{"line":745,"column":28},"end":{"line":745,"column":74}},"265":{"start":{"line":748,"column":8},"end":{"line":752,"column":11}},"266":{"start":{"line":749,"column":10},"end":{"line":751,"column":11}},"267":{"start":{"line":750,"column":12},"end":{"line":750,"column":55}},"268":{"start":{"line":755,"column":8},"end":{"line":755,"column":31}},"269":{"start":{"line":758,"column":8},"end":{"line":762,"column":11}},"270":{"start":{"line":759,"column":10},"end":{"line":761,"column":11}},"271":{"start":{"line":760,"column":12},"end":{"line":760,"column":59}},"272":{"start":{"line":769,"column":28},"end":{"line":787,"column":3}},"273":{"start":{"line":771,"column":6},"end":{"line":784,"column":7}},"274":{"start":{"line":773,"column":8},"end":{"line":773,"column":76}},"275":{"start":{"line":773,"column":28},"end":{"line":773,"column":74}},"276":{"start":{"line":776,"column":8},"end":{"line":780,"column":11}},"277":{"start":{"line":777,"column":10},"end":{"line":779,"column":11}},"278":{"start":{"line":778,"column":12},"end":{"line":778,"column":55}},"279":{"start":{"line":783,"column":8},"end":{"line":783,"column":31}},"280":{"start":{"line":790,"column":24},"end":{"line":814,"column":3}},"281":{"start":{"line":792,"column":22},"end":{"line":792,"column":78}},"282":{"start":{"line":794,"column":6},"end":{"line":811,"column":7}},"283":{"start":{"line":796,"column":8},"end":{"line":807,"column":11}},"284":{"start":{"line":797,"column":31},"end":{"line":797,"column":52}},"285":{"start":{"line":800,"column":28},"end":{"line":800,"column":71}},"286":{"start":{"line":800,"column":51},"end":{"line":800,"column":70}},"287":{"start":{"line":801,"column":10},"end":{"line":804,"column":11}},"288":{"start":{"line":803,"column":12},"end":{"line":803,"column":36}},"289":{"start":{"line":806,"column":10},"end":{"line":806,"column":30}},"290":{"start":{"line":810,"column":8},"end":{"line":810,"column":48}},"291":{"start":{"line":810,"column":26},"end":{"line":810,"column":46}},"292":{"start":{"line":817,"column":2},"end":{"line":843,"column":56}},"293":{"start":{"line":819,"column":4},"end":{"line":822,"column":5}},"294":{"start":{"line":820,"column":6},"end":{"line":820,"column":35}},"295":{"start":{"line":821,"column":6},"end":{"line":821,"column":40}},"296":{"start":{"line":825,"column":4},"end":{"line":834,"column":5}},"297":{"start":{"line":826,"column":6},"end":{"line":830,"column":8}},"298":{"start":{"line":833,"column":6},"end":{"line":833,"column":64}},"299":{"start":{"line":837,"column":4},"end":{"line":842,"column":6}},"300":{"start":{"line":838,"column":6},"end":{"line":841,"column":7}},"301":{"start":{"line":839,"column":8},"end":{"line":839,"column":37}},"302":{"start":{"line":840,"column":8},"end":{"line":840,"column":42}},"303":{"start":{"line":846,"column":27},"end":{"line":849,"column":8}},"304":{"start":{"line":847,"column":4},"end":{"line":847,"column":43}},"305":{"start":{"line":852,"column":23},"end":{"line":876,"column":27}},"306":{"start":{"line":853,"column":4},"end":{"line":853,"column":22}},"307":{"start":{"line":853,"column":15},"end":{"line":853,"column":22}},"308":{"start":{"line":856,"column":4},"end":{"line":875,"column":7}},"309":{"start":{"line":857,"column":37},"end":{"line":867,"column":7}},"310":{"start":{"line":869,"column":6},"end":{"line":869,"column":52}},"311":{"start":{"line":869,"column":24},"end":{"line":869,"column":50}},"312":{"start":{"line":872,"column":6},"end":{"line":874,"column":7}},"313":{"start":{"line":873,"column":8},"end":{"line":873,"column":48}},"314":{"start":{"line":879,"column":34},"end":{"line":903,"column":21}},"315":{"start":{"line":884,"column":4},"end":{"line":897,"column":6}},"316":{"start":{"line":885,"column":6},"end":{"line":896,"column":8}},"317":{"start":{"line":886,"column":8},"end":{"line":894,"column":9}},"318":{"start":{"line":887,"column":10},"end":{"line":893,"column":12}},"319":{"start":{"line":895,"column":8},"end":{"line":895,"column":20}},"320":{"start":{"line":900,"column":4},"end":{"line":902,"column":5}},"321":{"start":{"line":901,"column":6},"end":{"line":901,"column":58}},"322":{"start":{"line":906,"column":27},"end":{"line":927,"column":21}},"323":{"start":{"line":911,"column":4},"end":{"line":921,"column":7}},"324":{"start":{"line":912,"column":22},"end":{"line":912,"column":72}},"325":{"start":{"line":912,"column":55},"end":{"line":912,"column":70}},"326":{"start":{"line":915,"column":6},"end":{"line":917,"column":9}},"327":{"start":{"line":916,"column":8},"end":{"line":916,"column":35}},"328":{"start":{"line":920,"column":6},"end":{"line":920,"column":42}},"329":{"start":{"line":924,"column":4},"end":{"line":926,"column":5}},"330":{"start":{"line":925,"column":6},"end":{"line":925,"column":66}},"331":{"start":{"line":930,"column":22},"end":{"line":933,"column":20}},"332":{"start":{"line":931,"column":4},"end":{"line":931,"column":31}},"333":{"start":{"line":932,"column":4},"end":{"line":932,"column":53}},"334":{"start":{"line":936,"column":2},"end":{"line":936,"column":67}},"335":{"start":{"line":939,"column":43},"end":{"line":957,"column":43}},"336":{"start":{"line":941,"column":4},"end":{"line":943,"column":5}},"337":{"start":{"line":942,"column":6},"end":{"line":942,"column":13}},"338":{"start":{"line":946,"column":4},"end":{"line":946,"column":39}},"339":{"start":{"line":948,"column":4},"end":{"line":953,"column":5}},"340":{"start":{"line":950,"column":6},"end":{"line":950,"column":63}},"341":{"start":{"line":952,"column":6},"end":{"line":952,"column":55}},"342":{"start":{"line":956,"column":4},"end":{"line":956,"column":36}},"343":{"start":{"line":960,"column":35},"end":{"line":984,"column":21}},"344":{"start":{"line":964,"column":4},"end":{"line":983,"column":5}},"345":{"start":{"line":966,"column":6},"end":{"line":966,"column":54}},"346":{"start":{"line":969,"column":6},"end":{"line":982,"column":8}},"347":{"start":{"line":970,"column":8},"end":{"line":981,"column":10}},"348":{"start":{"line":971,"column":10},"end":{"line":979,"column":11}},"349":{"start":{"line":972,"column":12},"end":{"line":978,"column":14}},"350":{"start":{"line":980,"column":10},"end":{"line":980,"column":22}},"351":{"start":{"line":987,"column":2},"end":{"line":1018,"column":12}},"352":{"start":{"line":988,"column":4},"end":{"line":988,"column":46}},"353":{"start":{"line":988,"column":39},"end":{"line":988,"column":46}},"354":{"start":{"line":990,"column":28},"end":{"line":1005,"column":5}},"355":{"start":{"line":991,"column":25},"end":{"line":991,"column":40}},"356":{"start":{"line":993,"column":30},"end":{"line":993,"column":67}},"357":{"start":{"line":994,"column":6},"end":{"line":994,"column":35}},"358":{"start":{"line":994,"column":28},"end":{"line":994,"column":35}},"359":{"start":{"line":997,"column":19},"end":{"line":997,"column":58}},"360":{"start":{"line":998,"column":16},"end":{"line":998,"column":46}},"361":{"start":{"line":999,"column":16},"end":{"line":999,"column":45}},"362":{"start":{"line":1002,"column":6},"end":{"line":1004,"column":9}},"363":{"start":{"line":1008,"column":28},"end":{"line":1008,"column":65}},"364":{"start":{"line":1009,"column":4},"end":{"line":1011,"column":5}},"365":{"start":{"line":1010,"column":6},"end":{"line":1010,"column":69}},"366":{"start":{"line":1013,"column":4},"end":{"line":1017,"column":6}},"367":{"start":{"line":1014,"column":6},"end":{"line":1016,"column":7}},"368":{"start":{"line":1015,"column":8},"end":{"line":1015,"column":74}},"369":{"start":{"line":1021,"column":26},"end":{"line":1035,"column":11}},"370":{"start":{"line":1023,"column":4},"end":{"line":1034,"column":5}},"371":{"start":{"line":1024,"column":24},"end":{"line":1024,"column":67}},"372":{"start":{"line":1025,"column":6},"end":{"line":1033,"column":7}},"373":{"start":{"line":1026,"column":21},"end":{"line":1026,"column":54}},"374":{"start":{"line":1028,"column":18},"end":{"line":1028,"column":43}},"375":{"start":{"line":1029,"column":18},"end":{"line":1029,"column":42}},"376":{"start":{"line":1032,"column":8},"end":{"line":1032,"column":50}},"377":{"start":{"line":1038,"column":2},"end":{"line":1070,"column":19}},"378":{"start":{"line":1039,"column":4},"end":{"line":1069,"column":5}},"379":{"start":{"line":1042,"column":32},"end":{"line":1060,"column":7}},"380":{"start":{"line":1049,"column":33},"end":{"line":1049,"column":53}},"381":{"start":{"line":1051,"column":8},"end":{"line":1059,"column":9}},"382":{"start":{"line":1053,"column":30},"end":{"line":1053,"column":70}},"383":{"start":{"line":1054,"column":31},"end":{"line":1054,"column":52}},"384":{"start":{"line":1057,"column":10},"end":{"line":1057,"column":42}},"385":{"start":{"line":1058,"column":10},"end":{"line":1058,"column":37}},"386":{"start":{"line":1064,"column":25},"end":{"line":1064,"column":63}},"387":{"start":{"line":1066,"column":6},"end":{"line":1068,"column":8}},"388":{"start":{"line":1067,"column":8},"end":{"line":1067,"column":34}},"389":{"start":{"line":1073,"column":35},"end":{"line":1081,"column":22}},"390":{"start":{"line":1075,"column":4},"end":{"line":1075,"column":77}},"391":{"start":{"line":1079,"column":4},"end":{"line":1079,"column":32}},"392":{"start":{"line":1080,"column":4},"end":{"line":1080,"column":28}},"393":{"start":{"line":1084,"column":31},"end":{"line":1087,"column":8}},"394":{"start":{"line":1085,"column":4},"end":{"line":1085,"column":32}},"395":{"start":{"line":1086,"column":4},"end":{"line":1086,"column":28}},"396":{"start":{"line":1089,"column":2},"end":{"line":1170,"column":4}},"397":{"start":{"line":1162,"column":39},"end":{"line":1162,"column":73}},"398":{"start":{"line":1163,"column":39},"end":{"line":1163,"column":72}}},"fnMap":{"0":{"name":"(anonymous_0)","decl":{"start":{"line":86,"column":46},"end":{"line":86,"column":47}},"loc":{"start":{"line":86,"column":84},"end":{"line":1171,"column":1}},"line":86},"1":{"name":"(anonymous_1)","decl":{"start":{"line":105,"column":4},"end":{"line":105,"column":5}},"loc":{"start":{"line":105,"column":28},"end":{"line":105,"column":75}},"line":105},"2":{"name":"(anonymous_2)","decl":{"start":{"line":105,"column":37},"end":{"line":105,"column":38}},"loc":{"start":{"line":105,"column":54},"end":{"line":105,"column":74}},"line":105},"3":{"name":"(anonymous_3)","decl":{"start":{"line":110,"column":38},"end":{"line":110,"column":39}},"loc":{"start":{"line":110,"column":92},"end":{"line":119,"column":3}},"line":110},"4":{"name":"(anonymous_4)","decl":{"start":{"line":122,"column":47},"end":{"line":122,"column":48}},"loc":{"start":{"line":122,"column":59},"end":{"line":327,"column":3}},"line":122},"5":{"name":"(anonymous_5)","decl":{"start":{"line":159,"column":15},"end":{"line":159,"column":16}},"loc":{"start":{"line":159,"column":24},"end":{"line":164,"column":7}},"line":159},"6":{"name":"(anonymous_6)","decl":{"start":{"line":160,"column":20},"end":{"line":160,"column":21}},"loc":{"start":{"line":160,"column":28},"end":{"line":162,"column":9}},"line":160},"7":{"name":"(anonymous_7)","decl":{"start":{"line":167,"column":22},"end":{"line":167,"column":23}},"loc":{"start":{"line":167,"column":56},"end":{"line":298,"column":9}},"line":167},"8":{"name":"(anonymous_8)","decl":{"start":{"line":171,"column":34},"end":{"line":171,"column":35}},"loc":{"start":{"line":171,"column":50},"end":{"line":183,"column":13}},"line":171},"9":{"name":"(anonymous_9)","decl":{"start":{"line":188,"column":66},"end":{"line":188,"column":67}},"loc":{"start":{"line":188,"column":77},"end":{"line":191,"column":11}},"line":188},"10":{"name":"(anonymous_10)","decl":{"start":{"line":227,"column":70},"end":{"line":227,"column":71}},"loc":{"start":{"line":227,"column":85},"end":{"line":247,"column":15}},"line":227},"11":{"name":"(anonymous_11)","decl":{"start":{"line":309,"column":56},"end":{"line":309,"column":57}},"loc":{"start":{"line":309,"column":67},"end":{"line":321,"column":7}},"line":309},"12":{"name":"(anonymous_12)","decl":{"start":{"line":330,"column":12},"end":{"line":330,"column":13}},"loc":{"start":{"line":330,"column":18},"end":{"line":624,"column":3}},"line":330},"13":{"name":"(anonymous_13)","decl":{"start":{"line":337,"column":31},"end":{"line":337,"column":32}},"loc":{"start":{"line":337,"column":75},"end":{"line":411,"column":7}},"line":337},"14":{"name":"(anonymous_14)","decl":{"start":{"line":342,"column":19},"end":{"line":342,"column":20}},"loc":{"start":{"line":342,"column":28},"end":{"line":374,"column":11}},"line":342},"15":{"name":"(anonymous_15)","decl":{"start":{"line":343,"column":25},"end":{"line":343,"column":26}},"loc":{"start":{"line":343,"column":35},"end":{"line":343,"column":78}},"line":343},"16":{"name":"(anonymous_16)","decl":{"start":{"line":377,"column":19},"end":{"line":377,"column":20}},"loc":{"start":{"line":377,"column":28},"end":{"line":377,"column":93}},"line":377},"17":{"name":"(anonymous_17)","decl":{"start":{"line":377,"column":39},"end":{"line":377,"column":40}},"loc":{"start":{"line":377,"column":49},"end":{"line":377,"column":92}},"line":377},"18":{"name":"(anonymous_18)","decl":{"start":{"line":384,"column":19},"end":{"line":384,"column":20}},"loc":{"start":{"line":384,"column":28},"end":{"line":406,"column":12}},"line":384},"19":{"name":"(anonymous_19)","decl":{"start":{"line":384,"column":36},"end":{"line":384,"column":37}},"loc":{"start":{"line":384,"column":44},"end":{"line":406,"column":11}},"line":384},"20":{"name":"(anonymous_20)","decl":{"start":{"line":413,"column":35},"end":{"line":413,"column":36}},"loc":{"start":{"line":413,"column":48},"end":{"line":429,"column":7}},"line":413},"21":{"name":"(anonymous_21)","decl":{"start":{"line":416,"column":17},"end":{"line":416,"column":18}},"loc":{"start":{"line":417,"column":10},"end":{"line":427,"column":11}},"line":417},"22":{"name":"(anonymous_22)","decl":{"start":{"line":417,"column":18},"end":{"line":417,"column":19}},"loc":{"start":{"line":418,"column":12},"end":{"line":426,"column":18}},"line":418},"23":{"name":"(anonymous_23)","decl":{"start":{"line":431,"column":37},"end":{"line":431,"column":38}},"loc":{"start":{"line":431,"column":56},"end":{"line":466,"column":7}},"line":431},"24":{"name":"(anonymous_24)","decl":{"start":{"line":433,"column":48},"end":{"line":433,"column":49}},"loc":{"start":{"line":433,"column":53},"end":{"line":433,"column":57}},"line":433},"25":{"name":"(anonymous_25)","decl":{"start":{"line":436,"column":17},"end":{"line":436,"column":18}},"loc":{"start":{"line":437,"column":10},"end":{"line":451,"column":12}},"line":437},"26":{"name":"(anonymous_26)","decl":{"start":{"line":437,"column":18},"end":{"line":437,"column":19}},"loc":{"start":{"line":437,"column":28},"end":{"line":451,"column":11}},"line":437},"27":{"name":"(anonymous_27)","decl":{"start":{"line":454,"column":17},"end":{"line":454,"column":18}},"loc":{"start":{"line":454,"column":26},"end":{"line":465,"column":9}},"line":454},"28":{"name":"(anonymous_28)","decl":{"start":{"line":455,"column":57},"end":{"line":455,"column":58}},"loc":{"start":{"line":455,"column":88},"end":{"line":463,"column":11}},"line":455},"29":{"name":"(anonymous_29)","decl":{"start":{"line":464,"column":32},"end":{"line":464,"column":33}},"loc":{"start":{"line":464,"column":39},"end":{"line":464,"column":66}},"line":464},"30":{"name":"(anonymous_30)","decl":{"start":{"line":468,"column":40},"end":{"line":468,"column":41}},"loc":{"start":{"line":468,"column":55},"end":{"line":486,"column":7}},"line":468},"31":{"name":"(anonymous_31)","decl":{"start":{"line":475,"column":17},"end":{"line":475,"column":18}},"loc":{"start":{"line":476,"column":10},"end":{"line":484,"column":12}},"line":476},"32":{"name":"(anonymous_32)","decl":{"start":{"line":476,"column":18},"end":{"line":476,"column":19}},"loc":{"start":{"line":476,"column":28},"end":{"line":484,"column":11}},"line":476},"33":{"name":"(anonymous_33)","decl":{"start":{"line":489,"column":13},"end":{"line":489,"column":14}},"loc":{"start":{"line":489,"column":19},"end":{"line":494,"column":7}},"line":489},"34":{"name":"(anonymous_34)","decl":{"start":{"line":516,"column":12},"end":{"line":516,"column":13}},"loc":{"start":{"line":516,"column":18},"end":{"line":519,"column":13}},"line":516},"35":{"name":"(anonymous_35)","decl":{"start":{"line":528,"column":12},"end":{"line":528,"column":13}},"loc":{"start":{"line":528,"column":18},"end":{"line":531,"column":13}},"line":528},"36":{"name":"(anonymous_36)","decl":{"start":{"line":540,"column":12},"end":{"line":540,"column":13}},"loc":{"start":{"line":540,"column":25},"end":{"line":591,"column":13}},"line":540},"37":{"name":"(anonymous_37)","decl":{"start":{"line":555,"column":27},"end":{"line":555,"column":28}},"loc":{"start":{"line":556,"column":20},"end":{"line":569,"column":22}},"line":556},"38":{"name":"(anonymous_38)","decl":{"start":{"line":556,"column":28},"end":{"line":556,"column":29}},"loc":{"start":{"line":556,"column":38},"end":{"line":569,"column":21}},"line":556},"39":{"name":"(anonymous_39)","decl":{"start":{"line":573,"column":27},"end":{"line":573,"column":28}},"loc":{"start":{"line":574,"column":20},"end":{"line":587,"column":22}},"line":574},"40":{"name":"(anonymous_40)","decl":{"start":{"line":574,"column":28},"end":{"line":574,"column":29}},"loc":{"start":{"line":574,"column":38},"end":{"line":587,"column":21}},"line":574},"41":{"name":"(anonymous_41)","decl":{"start":{"line":593,"column":21},"end":{"line":593,"column":22}},"loc":{"start":{"line":593,"column":33},"end":{"line":605,"column":11}},"line":593},"42":{"name":"(anonymous_42)","decl":{"start":{"line":601,"column":25},"end":{"line":601,"column":26}},"loc":{"start":{"line":601,"column":31},"end":{"line":603,"column":15}},"line":601},"43":{"name":"(anonymous_43)","decl":{"start":{"line":607,"column":15},"end":{"line":607,"column":16}},"loc":{"start":{"line":607,"column":21},"end":{"line":609,"column":9}},"line":607},"44":{"name":"(anonymous_44)","decl":{"start":{"line":614,"column":44},"end":{"line":614,"column":45}},"loc":{"start":{"line":614,"column":50},"end":{"line":617,"column":9}},"line":614},"45":{"name":"(anonymous_45)","decl":{"start":{"line":619,"column":15},"end":{"line":619,"column":16}},"loc":{"start":{"line":619,"column":21},"end":{"line":621,"column":9}},"line":619},"46":{"name":"(anonymous_46)","decl":{"start":{"line":627,"column":12},"end":{"line":627,"column":13}},"loc":{"start":{"line":627,"column":18},"end":{"line":638,"column":3}},"line":627},"47":{"name":"(anonymous_47)","decl":{"start":{"line":634,"column":13},"end":{"line":634,"column":14}},"loc":{"start":{"line":634,"column":19},"end":{"line":636,"column":7}},"line":634},"48":{"name":"(anonymous_48)","decl":{"start":{"line":642,"column":13},"end":{"line":642,"column":14}},"loc":{"start":{"line":642,"column":69},"end":{"line":662,"column":5}},"line":642},"49":{"name":"(anonymous_49)","decl":{"start":{"line":649,"column":14},"end":{"line":649,"column":15}},"loc":{"start":{"line":649,"column":27},"end":{"line":655,"column":9}},"line":649},"50":{"name":"(anonymous_50)","decl":{"start":{"line":656,"column":15},"end":{"line":656,"column":16}},"loc":{"start":{"line":656,"column":26},"end":{"line":658,"column":9}},"line":656},"51":{"name":"(anonymous_51)","decl":{"start":{"line":659,"column":17},"end":{"line":659,"column":18}},"loc":{"start":{"line":659,"column":23},"end":{"line":661,"column":9}},"line":659},"52":{"name":"(anonymous_52)","decl":{"start":{"line":667,"column":12},"end":{"line":667,"column":13}},"loc":{"start":{"line":667,"column":18},"end":{"line":680,"column":3}},"line":667},"53":{"name":"(anonymous_53)","decl":{"start":{"line":669,"column":46},"end":{"line":669,"column":47}},"loc":{"start":{"line":669,"column":86},"end":{"line":671,"column":7}},"line":669},"54":{"name":"(anonymous_54)","decl":{"start":{"line":674,"column":11},"end":{"line":674,"column":12}},"loc":{"start":{"line":674,"column":17},"end":{"line":679,"column":5}},"line":674},"55":{"name":"(anonymous_55)","decl":{"start":{"line":676,"column":46},"end":{"line":676,"column":47}},"loc":{"start":{"line":676,"column":75},"end":{"line":678,"column":7}},"line":676},"56":{"name":"(anonymous_56)","decl":{"start":{"line":683,"column":47},"end":{"line":683,"column":48}},"loc":{"start":{"line":683,"column":64},"end":{"line":737,"column":3}},"line":683},"57":{"name":"(anonymous_57)","decl":{"start":{"line":698,"column":44},"end":{"line":698,"column":45}},"loc":{"start":{"line":698,"column":90},"end":{"line":736,"column":5}},"line":698},"58":{"name":"(anonymous_58)","decl":{"start":{"line":710,"column":19},"end":{"line":710,"column":20}},"loc":{"start":{"line":710,"column":35},"end":{"line":720,"column":11}},"line":710},"59":{"name":"(anonymous_59)","decl":{"start":{"line":711,"column":61},"end":{"line":711,"column":62}},"loc":{"start":{"line":711,"column":69},"end":{"line":711,"column":76}},"line":711},"60":{"name":"(anonymous_60)","decl":{"start":{"line":712,"column":49},"end":{"line":712,"column":50}},"loc":{"start":{"line":712,"column":57},"end":{"line":712,"column":86}},"line":712},"61":{"name":"(anonymous_61)","decl":{"start":{"line":723,"column":19},"end":{"line":723,"column":20}},"loc":{"start":{"line":723,"column":35},"end":{"line":733,"column":11}},"line":723},"62":{"name":"(anonymous_62)","decl":{"start":{"line":724,"column":61},"end":{"line":724,"column":62}},"loc":{"start":{"line":724,"column":69},"end":{"line":724,"column":76}},"line":724},"63":{"name":"(anonymous_63)","decl":{"start":{"line":725,"column":49},"end":{"line":725,"column":50}},"loc":{"start":{"line":725,"column":57},"end":{"line":725,"column":86}},"line":725},"64":{"name":"(anonymous_64)","decl":{"start":{"line":741,"column":4},"end":{"line":741,"column":5}},"loc":{"start":{"line":741,"column":31},"end":{"line":764,"column":5}},"line":741},"65":{"name":"(anonymous_65)","decl":{"start":{"line":745,"column":17},"end":{"line":745,"column":18}},"loc":{"start":{"line":745,"column":28},"end":{"line":745,"column":74}},"line":745},"66":{"name":"(anonymous_66)","decl":{"start":{"line":748,"column":24},"end":{"line":748,"column":25}},"loc":{"start":{"line":748,"column":34},"end":{"line":752,"column":9}},"line":748},"67":{"name":"(anonymous_67)","decl":{"start":{"line":758,"column":24},"end":{"line":758,"column":25}},"loc":{"start":{"line":758,"column":34},"end":{"line":762,"column":9}},"line":758},"68":{"name":"(anonymous_68)","decl":{"start":{"line":770,"column":4},"end":{"line":770,"column":5}},"loc":{"start":{"line":770,"column":31},"end":{"line":785,"column":5}},"line":770},"69":{"name":"(anonymous_69)","decl":{"start":{"line":773,"column":17},"end":{"line":773,"column":18}},"loc":{"start":{"line":773,"column":28},"end":{"line":773,"column":74}},"line":773},"70":{"name":"(anonymous_70)","decl":{"start":{"line":776,"column":24},"end":{"line":776,"column":25}},"loc":{"start":{"line":776,"column":34},"end":{"line":780,"column":9}},"line":776},"71":{"name":"(anonymous_71)","decl":{"start":{"line":791,"column":4},"end":{"line":791,"column":5}},"loc":{"start":{"line":791,"column":28},"end":{"line":812,"column":5}},"line":791},"72":{"name":"(anonymous_72)","decl":{"start":{"line":796,"column":17},"end":{"line":796,"column":18}},"loc":{"start":{"line":796,"column":26},"end":{"line":807,"column":9}},"line":796},"73":{"name":"(anonymous_73)","decl":{"start":{"line":800,"column":46},"end":{"line":800,"column":47}},"loc":{"start":{"line":800,"column":51},"end":{"line":800,"column":70}},"line":800},"74":{"name":"(anonymous_74)","decl":{"start":{"line":810,"column":17},"end":{"line":810,"column":18}},"loc":{"start":{"line":810,"column":26},"end":{"line":810,"column":46}},"line":810},"75":{"name":"(anonymous_75)","decl":{"start":{"line":817,"column":12},"end":{"line":817,"column":13}},"loc":{"start":{"line":817,"column":18},"end":{"line":843,"column":3}},"line":817},"76":{"name":"(anonymous_76)","decl":{"start":{"line":837,"column":11},"end":{"line":837,"column":12}},"loc":{"start":{"line":837,"column":17},"end":{"line":842,"column":5}},"line":837},"77":{"name":"(anonymous_77)","decl":{"start":{"line":846,"column":39},"end":{"line":846,"column":40}},"loc":{"start":{"line":846,"column":59},"end":{"line":849,"column":3}},"line":846},"78":{"name":"(anonymous_78)","decl":{"start":{"line":852,"column":35},"end":{"line":852,"column":36}},"loc":{"start":{"line":852,"column":93},"end":{"line":876,"column":3}},"line":852},"79":{"name":"(anonymous_79)","decl":{"start":{"line":856,"column":59},"end":{"line":856,"column":60}},"loc":{"start":{"line":856,"column":72},"end":{"line":875,"column":5}},"line":856},"80":{"name":"(anonymous_80)","decl":{"start":{"line":869,"column":15},"end":{"line":869,"column":16}},"loc":{"start":{"line":869,"column":24},"end":{"line":869,"column":50}},"line":869},"81":{"name":"(anonymous_81)","decl":{"start":{"line":879,"column":46},"end":{"line":879,"column":47}},"loc":{"start":{"line":882,"column":7},"end":{"line":903,"column":3}},"line":882},"82":{"name":"(anonymous_82)","decl":{"start":{"line":884,"column":13},"end":{"line":884,"column":14}},"loc":{"start":{"line":885,"column":6},"end":{"line":896,"column":8}},"line":885},"83":{"name":"(anonymous_83)","decl":{"start":{"line":885,"column":14},"end":{"line":885,"column":15}},"loc":{"start":{"line":885,"column":24},"end":{"line":896,"column":7}},"line":885},"84":{"name":"(anonymous_84)","decl":{"start":{"line":906,"column":39},"end":{"line":906,"column":40}},"loc":{"start":{"line":909,"column":7},"end":{"line":927,"column":3}},"line":909},"85":{"name":"(anonymous_85)","decl":{"start":{"line":911,"column":13},"end":{"line":911,"column":14}},"loc":{"start":{"line":911,"column":31},"end":{"line":921,"column":5}},"line":911},"86":{"name":"(anonymous_86)","decl":{"start":{"line":912,"column":47},"end":{"line":912,"column":48}},"loc":{"start":{"line":912,"column":55},"end":{"line":912,"column":70}},"line":912},"87":{"name":"(anonymous_87)","decl":{"start":{"line":915,"column":27},"end":{"line":915,"column":28}},"loc":{"start":{"line":915,"column":35},"end":{"line":917,"column":7}},"line":915},"88":{"name":"(anonymous_88)","decl":{"start":{"line":930,"column":34},"end":{"line":930,"column":35}},"loc":{"start":{"line":930,"column":75},"end":{"line":933,"column":3}},"line":930},"89":{"name":"(anonymous_89)","decl":{"start":{"line":939,"column":55},"end":{"line":939,"column":56}},"loc":{"start":{"line":939,"column":72},"end":{"line":957,"column":3}},"line":939},"90":{"name":"(anonymous_90)","decl":{"start":{"line":960,"column":47},"end":{"line":960,"column":48}},"loc":{"start":{"line":963,"column":7},"end":{"line":984,"column":3}},"line":963},"91":{"name":"(anonymous_91)","decl":{"start":{"line":969,"column":15},"end":{"line":969,"column":16}},"loc":{"start":{"line":970,"column":8},"end":{"line":981,"column":10}},"line":970},"92":{"name":"(anonymous_92)","decl":{"start":{"line":970,"column":16},"end":{"line":970,"column":17}},"loc":{"start":{"line":970,"column":26},"end":{"line":981,"column":9}},"line":970},"93":{"name":"(anonymous_93)","decl":{"start":{"line":987,"column":12},"end":{"line":987,"column":13}},"loc":{"start":{"line":987,"column":18},"end":{"line":1018,"column":3}},"line":987},"94":{"name":"(anonymous_94)","decl":{"start":{"line":990,"column":28},"end":{"line":990,"column":29}},"loc":{"start":{"line":990,"column":42},"end":{"line":1005,"column":5}},"line":990},"95":{"name":"(anonymous_95)","decl":{"start":{"line":1013,"column":11},"end":{"line":1013,"column":12}},"loc":{"start":{"line":1013,"column":17},"end":{"line":1017,"column":5}},"line":1013},"96":{"name":"(anonymous_96)","decl":{"start":{"line":1021,"column":38},"end":{"line":1021,"column":39}},"loc":{"start":{"line":1021,"column":67},"end":{"line":1035,"column":3}},"line":1021},"97":{"name":"(anonymous_97)","decl":{"start":{"line":1038,"column":12},"end":{"line":1038,"column":13}},"loc":{"start":{"line":1038,"column":18},"end":{"line":1070,"column":3}},"line":1038},"98":{"name":"(anonymous_98)","decl":{"start":{"line":1042,"column":32},"end":{"line":1042,"column":33}},"loc":{"start":{"line":1042,"column":38},"end":{"line":1060,"column":7}},"line":1042},"99":{"name":"(anonymous_99)","decl":{"start":{"line":1066,"column":13},"end":{"line":1066,"column":14}},"loc":{"start":{"line":1066,"column":19},"end":{"line":1068,"column":7}},"line":1066},"100":{"name":"(anonymous_100)","decl":{"start":{"line":1073,"column":47},"end":{"line":1073,"column":48}},"loc":{"start":{"line":1073,"column":83},"end":{"line":1081,"column":3}},"line":1073},"101":{"name":"(anonymous_101)","decl":{"start":{"line":1084,"column":43},"end":{"line":1084,"column":44}},"loc":{"start":{"line":1084,"column":49},"end":{"line":1087,"column":3}},"line":1084},"102":{"name":"(anonymous_102)","decl":{"start":{"line":1162,"column":33},"end":{"line":1162,"column":34}},"loc":{"start":{"line":1162,"column":39},"end":{"line":1162,"column":73}},"line":1162},"103":{"name":"(anonymous_103)","decl":{"start":{"line":1163,"column":33},"end":{"line":1163,"column":34}},"loc":{"start":{"line":1163,"column":39},"end":{"line":1163,"column":72}},"line":1163}},"branchMap":{"0":{"loc":{"start":{"line":118,"column":11},"end":{"line":118,"column":54}},"type":"binary-expr","locations":[{"start":{"line":118,"column":11},"end":{"line":118,"column":25}},{"start":{"line":118,"column":29},"end":{"line":118,"column":54}}],"line":118},"1":{"loc":{"start":{"line":123,"column":4},"end":{"line":123,"column":22}},"type":"if","locations":[{"start":{"line":123,"column":4},"end":{"line":123,"column":22}},{"start":{},"end":{}}],"line":123},"2":{"loc":{"start":{"line":129,"column":6},"end":{"line":151,"column":7}},"type":"if","locations":[{"start":{"line":129,"column":6},"end":{"line":151,"column":7}},{"start":{},"end":{}}],"line":129},"3":{"loc":{"start":{"line":129,"column":10},"end":{"line":129,"column":55}},"type":"binary-expr","locations":[{"start":{"line":129,"column":10},"end":{"line":129,"column":17}},{"start":{"line":129,"column":21},"end":{"line":129,"column":24}},{"start":{"line":129,"column":28},"end":{"line":129,"column":43}},{"start":{"line":129,"column":47},"end":{"line":129,"column":55}}],"line":129},"4":{"loc":{"start":{"line":136,"column":10},"end":{"line":146,"column":11}},"type":"if","locations":[{"start":{"line":136,"column":10},"end":{"line":146,"column":11}},{"start":{},"end":{}}],"line":136},"5":{"loc":{"start":{"line":141,"column":12},"end":{"line":145,"column":13}},"type":"if","locations":[{"start":{"line":141,"column":12},"end":{"line":145,"column":13}},{"start":{},"end":{}}],"line":141},"6":{"loc":{"start":{"line":199,"column":12},"end":{"line":209,"column":13}},"type":"if","locations":[{"start":{"line":199,"column":12},"end":{"line":209,"column":13}},{"start":{},"end":{}}],"line":199},"7":{"loc":{"start":{"line":206,"column":14},"end":{"line":208,"column":15}},"type":"if","locations":[{"start":{"line":206,"column":14},"end":{"line":208,"column":15}},{"start":{},"end":{}}],"line":206},"8":{"loc":{"start":{"line":222,"column":12},"end":{"line":224,"column":13}},"type":"if","locations":[{"start":{"line":222,"column":12},"end":{"line":224,"column":13}},{"start":{},"end":{}}],"line":222},"9":{"loc":{"start":{"line":226,"column":12},"end":{"line":248,"column":13}},"type":"if","locations":[{"start":{"line":226,"column":12},"end":{"line":248,"column":13}},{"start":{},"end":{}}],"line":226},"10":{"loc":{"start":{"line":226,"column":16},"end":{"line":226,"column":61}},"type":"binary-expr","locations":[{"start":{"line":226,"column":16},"end":{"line":226,"column":31}},{"start":{"line":226,"column":35},"end":{"line":226,"column":61}}],"line":226},"11":{"loc":{"start":{"line":229,"column":16},"end":{"line":235,"column":17}},"type":"if","locations":[{"start":{"line":229,"column":16},"end":{"line":235,"column":17}},{"start":{},"end":{}}],"line":229},"12":{"loc":{"start":{"line":244,"column":28},"end":{"line":244,"column":52}},"type":"binary-expr","locations":[{"start":{"line":244,"column":28},"end":{"line":244,"column":46}},{"start":{"line":244,"column":50},"end":{"line":244,"column":52}}],"line":244},"13":{"loc":{"start":{"line":257,"column":10},"end":{"line":281,"column":11}},"type":"if","locations":[{"start":{"line":257,"column":10},"end":{"line":281,"column":11}},{"start":{"line":261,"column":17},"end":{"line":281,"column":11}}],"line":257},"14":{"loc":{"start":{"line":261,"column":17},"end":{"line":281,"column":11}},"type":"if","locations":[{"start":{"line":261,"column":17},"end":{"line":281,"column":11}},{"start":{"line":269,"column":17},"end":{"line":281,"column":11}}],"line":261},"15":{"loc":{"start":{"line":261,"column":21},"end":{"line":262,"column":103}},"type":"binary-expr","locations":[{"start":{"line":261,"column":21},"end":{"line":261,"column":49}},{"start":{"line":261,"column":53},"end":{"line":261,"column":81}},{"start":{"line":262,"column":21},"end":{"line":262,"column":60}},{"start":{"line":262,"column":64},"end":{"line":262,"column":103}}],"line":261},"16":{"loc":{"start":{"line":307,"column":6},"end":{"line":307,"column":29}},"type":"if","locations":[{"start":{"line":307,"column":6},"end":{"line":307,"column":29}},{"start":{},"end":{}}],"line":307},"17":{"loc":{"start":{"line":309,"column":32},"end":{"line":309,"column":50}},"type":"binary-expr","locations":[{"start":{"line":309,"column":32},"end":{"line":309,"column":44}},{"start":{"line":309,"column":48},"end":{"line":309,"column":50}}],"line":309},"18":{"loc":{"start":{"line":331,"column":4},"end":{"line":331,"column":22}},"type":"if","locations":[{"start":{"line":331,"column":4},"end":{"line":331,"column":22}},{"start":{},"end":{}}],"line":331},"19":{"loc":{"start":{"line":336,"column":4},"end":{"line":623,"column":5}},"type":"if","locations":[{"start":{"line":336,"column":4},"end":{"line":623,"column":5}},{"start":{"line":495,"column":11},"end":{"line":623,"column":5}}],"line":336},"20":{"loc":{"start":{"line":340,"column":8},"end":{"line":410,"column":9}},"type":"if","locations":[{"start":{"line":340,"column":8},"end":{"line":410,"column":9}},{"start":{"line":375,"column":15},"end":{"line":410,"column":9}}],"line":340},"21":{"loc":{"start":{"line":340,"column":12},"end":{"line":340,"column":57}},"type":"binary-expr","locations":[{"start":{"line":340,"column":12},"end":{"line":340,"column":42}},{"start":{"line":340,"column":46},"end":{"line":340,"column":57}}],"line":340},"22":{"loc":{"start":{"line":343,"column":12},"end":{"line":345,"column":13}},"type":"if","locations":[{"start":{"line":343,"column":12},"end":{"line":345,"column":13}},{"start":{},"end":{}}],"line":343},"23":{"loc":{"start":{"line":348,"column":12},"end":{"line":348,"column":41}},"type":"if","locations":[{"start":{"line":348,"column":12},"end":{"line":348,"column":41}},{"start":{},"end":{}}],"line":348},"24":{"loc":{"start":{"line":352,"column":17},"end":{"line":352,"column":44}},"type":"binary-expr","locations":[{"start":{"line":352,"column":17},"end":{"line":352,"column":39}},{"start":{"line":352,"column":43},"end":{"line":352,"column":44}}],"line":352},"25":{"loc":{"start":{"line":353,"column":17},"end":{"line":353,"column":44}},"type":"binary-expr","locations":[{"start":{"line":353,"column":17},"end":{"line":353,"column":39}},{"start":{"line":353,"column":43},"end":{"line":353,"column":44}}],"line":353},"26":{"loc":{"start":{"line":375,"column":15},"end":{"line":410,"column":9}},"type":"if","locations":[{"start":{"line":375,"column":15},"end":{"line":410,"column":9}},{"start":{"line":382,"column":15},"end":{"line":410,"column":9}}],"line":375},"27":{"loc":{"start":{"line":375,"column":19},"end":{"line":375,"column":64}},"type":"binary-expr","locations":[{"start":{"line":375,"column":19},"end":{"line":375,"column":49}},{"start":{"line":375,"column":53},"end":{"line":375,"column":64}}],"line":375},"28":{"loc":{"start":{"line":378,"column":10},"end":{"line":381,"column":11}},"type":"if","locations":[{"start":{"line":378,"column":10},"end":{"line":381,"column":11}},{"start":{},"end":{}}],"line":378},"29":{"loc":{"start":{"line":382,"column":15},"end":{"line":410,"column":9}},"type":"if","locations":[{"start":{"line":382,"column":15},"end":{"line":410,"column":9}},{"start":{"line":407,"column":15},"end":{"line":410,"column":9}}],"line":382},"30":{"loc":{"start":{"line":382,"column":19},"end":{"line":382,"column":64}},"type":"binary-expr","locations":[{"start":{"line":382,"column":19},"end":{"line":382,"column":49}},{"start":{"line":382,"column":53},"end":{"line":382,"column":64}}],"line":382},"31":{"loc":{"start":{"line":385,"column":12},"end":{"line":404,"column":13}},"type":"if","locations":[{"start":{"line":385,"column":12},"end":{"line":404,"column":13}},{"start":{},"end":{}}],"line":385},"32":{"loc":{"start":{"line":388,"column":19},"end":{"line":388,"column":47}},"type":"binary-expr","locations":[{"start":{"line":388,"column":19},"end":{"line":388,"column":42}},{"start":{"line":388,"column":46},"end":{"line":388,"column":47}}],"line":388},"33":{"loc":{"start":{"line":389,"column":19},"end":{"line":389,"column":47}},"type":"binary-expr","locations":[{"start":{"line":389,"column":19},"end":{"line":389,"column":42}},{"start":{"line":389,"column":46},"end":{"line":389,"column":47}}],"line":389},"34":{"loc":{"start":{"line":418,"column":12},"end":{"line":426,"column":18}},"type":"cond-expr","locations":[{"start":{"line":419,"column":14},"end":{"line":425,"column":15}},{"star
[...]
rt":{"line":217,"column":45},"end":{"line":217,"column":47}}],"line":217},"16":{"loc":{"start":{"line":218,"column":28},"end":{"line":218,"column":49}},"type":"binary-expr","locations":[{"start":{"line":218,"column":28},"end":{"line":218,"column":43}},{"start":{"line":218,"column":47},"end":{"line":218,"column":49}}],"line":218},"17":{"loc":{"start":{"line":219,"column":33},"end":{"line":219,"column":84}},"type":"binary-expr","locations":[{"start":{"line":219,"column":33},"end":{"line":219,"column":53}},{"start":{"line":219,"column":57},"end":{"line":219,"column":84}}],"line":219},"18":{"loc":{"start":{"line":249,"column":2},"end":{"line":249,"column":60}},"type":"if","locations":[{"start":{"line":249,"column":2},"end":{"line":249,"column":60}},{"start":{},"end":{}}],"line":249},"19":{"loc":{"start":{"line":255,"column":2},"end":{"line":271,"column":3}},"type":"if","locations":[{"start":{"line":255,"column":2},"end":{"line":271,"column":3}},{"start":{},"end":{}}],"line":255},"20":{"loc":{"start":{"line":262,"column":4},"end":{"line":268,"column":5}},"type":"if","locations":[{"start":{"line":262,"column":4},"end":{"line":268,"column":5}},{"start":{},"end":{}}],"line":262},"21":{"loc":{"start":{"line":278,"column":2},"end":{"line":278,"column":60}},"type":"if","locations":[{"start":{"line":278,"column":2},"end":{"line":278,"column":60}},{"start":{},"end":{}}],"line":278},"22":{"loc":{"start":{"line":313,"column":2},"end":{"line":313,"column":60}},"type":"if","locations":[{"start":{"line":313,"column":2},"end":{"line":313,"column":60}},{"start":{},"end":{}}],"line":313},"23":{"loc":{"start":{"line":337,"column":2},"end":{"line":341,"column":3}},"type":"if","locations":[{"start":{"line":337,"column":2},"end":{"line":341,"column":3}},{"start":{},"end":{}}],"line":337},"24":{"loc":{"start":{"line":343,"column":2},"end":{"line":346,"column":3}},"type":"if","locations":[{"start":{"line":343,"column":2},"end":{"line":346,"column":3}},{"start":{},"end":{}}],"line":343},"25":{"loc":{"start":{"line":349,"column":2},"end":{"line":352,"column":3}},"type":"if","locations":[{"start":{"line":349,"column":2},"end":{"line":352,"column":3}},{"start":{},"end":{}}],"line":349},"26":{"loc":{"start":{"line":355,"column":2},"end":{"line":358,"column":3}},"type":"if","locations":[{"start":{"line":355,"column":2},"end":{"line":358,"column":3}},{"start":{},"end":{}}],"line":355},"27":{"loc":{"start":{"line":372,"column":2},"end":{"line":372,"column":28}},"type":"if","locations":[{"start":{"line":372,"column":2},"end":{"line":372,"column":28}},{"start":{},"end":{}}],"line":372},"28":{"loc":{"start":{"line":378,"column":4},"end":{"line":387,"column":5}},"type":"if","locations":[{"start":{"line":378,"column":4},"end":{"line":387,"column":5}},{"start":{},"end":{}}],"line":378},"29":{"loc":{"start":{"line":378,"column":8},"end":{"line":378,"column":34}},"type":"binary-expr","locations":[{"start":{"line":378,"column":8},"end":{"line":378,"column":18}},{"start":{"line":378,"column":22},"end":{"line":378,"column":34}}],"line":378},"30":{"loc":{"start":{"line":399,"column":2},"end":{"line":399,"column":60}},"type":"if","locations":[{"start":{"line":399,"column":2},"end":{"line":399,"column":60}},{"start":{},"end":{}}],"line":399},"31":{"loc":{"start":{"line":424,"column":2},"end":{"line":424,"column":60}},"type":"if","locations":[{"start":{"line":424,"column":2},"end":{"line":424,"column":60}},{"start":{},"end":{}}],"line":424},"32":{"loc":{"start":{"line":429,"column":2},"end":{"line":445,"column":3}},"type":"if","locations":[{"start":{"line":429,"column":2},"end":{"line":445,"column":3}},{"start":{},"end":{}}],"line":429},"33":{"loc":{"start":{"line":433,"column":6},"end":{"line":441,"column":7}},"type":"if","locations":[{"start":{"line":433,"column":6},"end":{"line":441,"column":7}},{"start":{},"end":{}}],"line":433},"34":{"loc":{"start":{"line":453,"column":2},"end":{"line":456,"column":3}},"type":"if","locations":[{"start":{"line":453,"column":2},"end":{"line":456,"column":3}},{"start":{},"end":{}}],"line":453},"35":{"loc":{"start":{"line":453,"column":6},"end":{"line":453,"column":25}},"type":"binary-expr","locations":[{"start":{"line":453,"column":6},"end":{"line":453,"column":10}},{"start":{"line":453,"column":14},"end":{"line":453,"column":25}}],"line":453},"36":{"loc":{"start":{"line":465,"column":4},"end":{"line":478,"column":5}},"type":"if","locations":[{"start":{"line":465,"column":4},"end":{"line":478,"column":5}},{"start":{"line":475,"column":11},"end":{"line":478,"column":5}}],"line":465},"37":{"loc":{"start":{"line":470,"column":6},"end":{"line":472,"column":7}},"type":"if","locations":[{"start":{"line":470,"column":6},"end":{"line":472,"column":7}},{"start":{},"end":{}}],"line":470},"38":{"loc":{"start":{"line":490,"column":2},"end":{"line":490,"column":40}},"type":"if","locations":[{"start":{"line":490,"column":2},"end":{"line":490,"column":40}},{"start":{},"end":{}}],"line":490},"39":{"loc":{"start":{"line":490,"column":6},"end":{"line":490,"column":25}},"type":"binary-expr","locations":[{"start":{"line":490,"column":6},"end":{"line":490,"column":10}},{"start":{"line":490,"column":14},"end":{"line":490,"column":25}}],"line":490},"40":{"loc":{"start":{"line":514,"column":2},"end":{"line":514,"column":39}},"type":"if","locations":[{"start":{"line":514,"column":2},"end":{"line":514,"column":39}},{"start":{},"end":{}}],"line":514},"41":{"loc":{"start":{"line":514,"column":6},"end":{"line":514,"column":25}},"type":"binary-expr","locations":[{"start":{"line":514,"column":6},"end":{"line":514,"column":10}},{"start":{"line":514,"column":14},"end":{"line":514,"column":25}}],"line":514},"42":{"loc":{"start":{"line":526,"column":2},"end":{"line":526,"column":38}},"type":"if","locations":[{"start":{"line":526,"column":2},"end":{"line":526,"column":38}},{"start":{},"end":{}}],"line":526}},"s":{"0":1,"1":1,"2":1,"3":1,"4":1,"5":1,"6":1,"7":1,"8":6,"9":5,"10":1,"11":1,"12":1,"13":1,"14":1,"15":1,"16":1,"17":1,"18":1,"19":0,"20":0,"21":1,"22":1,"23":1,"24":0,"25":0,"26":0,"27":1,"28":0,"29":0,"30":0,"31":0,"32":1,"33":0,"34":0,"35":0,"36":1,"37":1,"38":2,"39":0,"40":2,"41":2,"42":2,"43":2,"44":1,"45":3,"46":0,"47":3,"48":3,"49":1,"50":0,"51":0,"52":0,"53":0,"54":0,"55":0,"56":0,"57":0,"58":0,"59":0,"60":0,"61":0,"62":0,"63":0,"64":0,"65":0,"66":0,"67":0,"68":0,"69":0,"70":0,"71":0,"72":0,"73":0,"74":0,"75":0,"76":1,"77":0,"78":0,"79":0,"80":0,"81":0,"82":0,"83":0,"84":0,"85":0,"86":0,"87":0,"88":0,"89":0,"90":0,"91":0,"92":1,"93":0,"94":0,"95":0,"96":0,"97":0,"98":0,"99":0,"100":0,"101":0,"102":1,"103":0,"104":0,"105":0,"106":0,"107":0,"108":0,"109":0,"110":1,"111":1,"112":1,"113":1,"114":1,"115":1,"116":1,"117":1,"118":1,"119":1,"120":1,"121":1,"122":1,"123":1,"124":1,"125":1,"126":1,"127":1,"128":0,"129":0,"130":0,"131":0,"132":0,"133":0,"134":0,"135":0,"136":1,"137":0,"138":0,"139":0,"140":0,"141":0,"142":0,"143":0,"144":0,"145":0,"146":0,"147":1,"148":0,"149":0,"150":0,"151":0,"152":0,"153":0,"154":0,"155":0,"156":0,"157":0,"158":0,"159":0,"160":1,"161":0,"162":0,"163":0,"164":0,"165":0,"166":0,"167":0,"168":0,"169":0,"170":0,"171":0,"172":0,"173":0,"174":0,"175":0,"176":0,"177":1,"178":0,"179":0,"180":0,"181":0,"182":0,"183":1,"184":0,"185":1,"186":0,"187":0,"188":0,"189":0,"190":1,"191":0,"192":0,"193":0},"f":{"0":6,"1":0,"2":0,"3":0,"4":0,"5":2,"6":3,"7":0,"8":0,"9":0,"10":0,"11":0,"12":0,"13":0,"14":1,"15":0,"16":0,"17":0,"18":0,"19":0,"20":0,"21":0,"22":0,"23":0,"24":0,"25":0,"26":0,"27":0},"b":{"0":[5],"1":[5,1],"2":[1,0],"3":[1,1],"4":[0,0],"5":[0,0],"6":[0,0],"7":[0,0],"8":[0,0],"9":[0,0],"10":[0,2],"11":[0,3],"12":[3,2],"13":[0,0],"14":[0,0],"15":[0,0],"16":[0,0],"17":[0,0],"18":[0,0],"19":[0,0],"20":[0,0],"21":[0,0],"22":[0,0],"23":[1,0],"24":[1,0],"25":[1,0],"26":[1,0],"27":[0,0],"28":[0,0],"29":[0,0],"30":[0,0],"31":[0,0],"32":[0,0],"33":[0,0],"34":[0,0],"35":[0,0],"36":[0,0],"37":[0,0],"38":[0,0],"39":[0,0],"40":[0,0],"41":[0,0],"42":[0,0]},"_coverageSchema":"1a1c01bbd47fc00a2c39e90264f33305004495a9","hash":"54f03a0b4f48076cc4690935ae7cb558eadf530c"}
,"/Users/kermit/Code/riff-app/frontend/src/utils/api.ts": {"path":"/Users/kermit/Code/riff-app/frontend/src/utils/api.ts","statementMap":{"0":{"start":{"line":4,"column":12},"end":{"line":9,"column":2}},"1":{"start":{"line":12,"column":0},"end":{"line":23,"column":2}},"2":{"start":{"line":14,"column":18},"end":{"line":14,"column":51}},"3":{"start":{"line":15,"column":4},"end":{"line":17,"column":5}},"4":{"start":{"line":16,"column":6},"end":{"line":16,"column":55}},"5":{"start":{"line":18,"column":4},"end":{"line":18,"column":18}},"6":{"start":{"line":21,"column":4},"end":{"line":21,"column":33}},"7":{"start":{"line":26,"column":0},"end":{"line":41,"column":2}},"8":{"start":{"line":28,"column":4},"end":{"line":28,"column":20}},"9":{"start":{"line":31,"column":4},"end":{"line":38,"column":5}},"10":{"start":{"line":33,"column":6},"end":{"line":37,"column":7}},"11":{"start":{"line":35,"column":8},"end":{"line":35,"column":45}},"12":{"start":{"line":36,"column":8},"end":{"line":36,"column":40}},"13":{"start":{"line":39,"column":4},"end":{"line":39,"column":33}}},"fnMap":{"0":{"name":"(anonymous_0)","decl":{"start":{"line":13,"column":2},"end":{"line":13,"column":3}},"loc":{"start":{"line":13,"column":42},"end":{"line":19,"column":3}},"line":13},"1":{"name":"(anonymous_1)","decl":{"start":{"line":20,"column":2},"end":{"line":20,"column":3}},"loc":{"start":{"line":20,"column":25},"end":{"line":22,"column":3}},"line":20},"2":{"name":"(anonymous_2)","decl":{"start":{"line":27,"column":2},"end":{"line":27,"column":3}},"loc":{"start":{"line":27,"column":31},"end":{"line":29,"column":3}},"line":27},"3":{"name":"(anonymous_3)","decl":{"start":{"line":30,"column":2},"end":{"line":30,"column":3}},"loc":{"start":{"line":30,"column":25},"end":{"line":40,"column":3}},"line":30}},"branchMap":{"0":{"loc":{"start":{"line":15,"column":4},"end":{"line":17,"column":5}},"type":"if","locations":[{"start":{"line":15,"column":4},"end":{"line":17,"column":5}},{"start":{},"end":{}}],"line":15},"1":{"loc":{"start":{"line":15,"column":8},"end":{"line":15,"column":31}},"type":"binary-expr","locations":[{"start":{"line":15,"column":8},"end":{"line":15,"column":13}},{"start":{"line":15,"column":17},"end":{"line":15,"column":31}}],"line":15},"2":{"loc":{"start":{"line":31,"column":4},"end":{"line":38,"column":5}},"type":"if","locations":[{"start":{"line":31,"column":4},"end":{"line":38,"column":5}},{"start":{},"end":{}}],"line":31},"3":{"loc":{"start":{"line":33,"column":6},"end":{"line":37,"column":7}},"type":"if","locations":[{"start":{"line":33,"column":6},"end":{"line":37,"column":7}},{"start":{},"end":{}}],"line":33}},"s":{"0":0,"1":0,"2":0,"3":0,"4":0,"5":0,"6":0,"7":0,"8":0,"9":0,"10":0,"11":0,"12":0,"13":0},"f":{"0":0,"1":0,"2":0,"3":0},"b":{"0":[0,0],"1":[0,0],"2":[0,0],"3":[0,0]}}
,"/Users/kermit/Code/riff-app/frontend/src/utils/yjsSyncProtocol.ts": {"path":"/Users/kermit/Code/riff-app/frontend/src/utils/yjsSyncProtocol.ts","statementMap":{"0":{"start":{"line":16,"column":38},"end":{"line":18,"column":1}},"1":{"start":{"line":17,"column":2},"end":{"line":17,"column":32}},"2":{"start":{"line":24,"column":36},"end":{"line":26,"column":1}},"3":{"start":{"line":25,"column":2},"end":{"line":25,"column":34}},"4":{"start":{"line":34,"column":36},"end":{"line":40,"column":1}},"5":{"start":{"line":36,"column":21},"end":{"line":36,"column":71}},"6":{"start":{"line":39,"column":2},"end":{"line":39,"column":31}},"7":{"start":{"line":48,"column":40},"end":{"line":50,"column":1}},"8":{"start":{"line":49,"column":2},"end":{"line":49,"column":60}},"9":{"start":{"line":58,"column":38},"end":{"line":71,"column":1}},"10":{"start":{"line":62,"column":2},"end":{"line":70,"column":5}},"11":{"start":{"line":64,"column":19},"end":{"line":67,"column":5}},"12":{"start":{"line":65,"column":6},"end":{"line":65,"column":35}},"13":{"start":{"line":66,"column":6},"end":{"line":66,"column":16}},"14":{"start":{"line":69,"column":4},"end":{"line":69,"column":32}},"15":{"start":{"line":77,"column":34},"end":{"line":79,"column":1}},"16":{"start":{"line":78,"column":2},"end":{"line":78,"column":20}},"17":{"start":{"line":87,"column":37},"end":{"line":117,"column":1}},"18":{"start":{"line":93,"column":2},"end":{"line":100,"column":5}},"19":{"start":{"line":94,"column":4},"end":{"line":94,"column":58}},"20":{"start":{"line":96,"column":4},"end":{"line":99,"column":5}},"21":{"start":{"line":98,"column":6},"end":{"line":98,"column":62}},"22":{"start":{"line":103,"column":2},"end":{"line":105,"column":5}},"23":{"start":{"line":104,"column":4},"end":{"line":104,"column":55}},"24":{"start":{"line":108,"column":2},"end":{"line":116,"column":5}},"25":{"start":{"line":109,"column":4},"end":{"line":115,"column":5}},"26":{"start":{"line":111,"column":6},"end":{"line":111,"column":49}},"27":{"start":{"line":112,"column":11},"end":{"line":115,"column":5}},"28":{"start":{"line":114,"column":6},"end":{"line":114,"column":49}},"29":{"start":{"line":123,"column":43},"end":{"line":130,"column":1}},"30":{"start":{"line":125,"column":2},"end":{"line":129,"column":5}},"31":{"start":{"line":126,"column":4},"end":{"line":128,"column":5}},"32":{"start":{"line":127,"column":6},"end":{"line":127,"column":75}},"33":{"start":{"line":136,"column":39},"end":{"line":174,"column":1}},"34":{"start":{"line":143,"column":2},"end":{"line":143,"column":67}},"35":{"start":{"line":146,"column":2},"end":{"line":146,"column":35}},"36":{"start":{"line":149,"column":2},"end":{"line":153,"column":5}},"37":{"start":{"line":150,"column":4},"end":{"line":152,"column":5}},"38":{"start":{"line":151,"column":6},"end":{"line":151,"column":49}},"39":{"start":{"line":156,"column":2},"end":{"line":161,"column":5}},"40":{"start":{"line":157,"column":4},"end":{"line":157,"column":73}},"41":{"start":{"line":158,"column":4},"end":{"line":160,"column":5}},"42":{"start":{"line":159,"column":6},"end":{"line":159,"column":32}},"43":{"start":{"line":164,"column":2},"end":{"line":173,"column":5}},"44":{"start":{"line":165,"column":4},"end":{"line":165,"column":54}},"45":{"start":{"line":168,"column":4},"end":{"line":168,"column":32}},"46":{"start":{"line":170,"column":4},"end":{"line":172,"column":5}},"47":{"start":{"line":171,"column":6},"end":{"line":171,"column":31}}},"fnMap":{"0":{"name":"(anonymous_0)","decl":{"start":{"line":16,"column":38},"end":{"line":16,"column":39}},"loc":{"start":{"line":16,"column":66},"end":{"line":18,"column":1}},"line":16},"1":{"name":"(anonymous_1)","decl":{"start":{"line":24,"column":36},"end":{"line":24,"column":37}},"loc":{"start":{"line":24,"column":64},"end":{"line":26,"column":1}},"line":24},"2":{"name":"(anonymous_2)","decl":{"start":{"line":34,"column":36},"end":{"line":34,"column":37}},"loc":{"start":{"line":34,"column":97},"end":{"line":40,"column":1}},"line":34},"3":{"name":"(anonymous_3)","decl":{"start":{"line":48,"column":40},"end":{"line":48,"column":41}},"loc":{"start":{"line":48,"column":104},"end":{"line":50,"column":1}},"line":48},"4":{"name":"(anonymous_4)","decl":{"start":{"line":58,"column":38},"end":{"line":58,"column":39}},"loc":{"start":{"line":61,"column":20},"end":{"line":71,"column":1}},"line":61},"5":{"name":"(anonymous_5)","decl":{"start":{"line":62,"column":21},"end":{"line":62,"column":22}},"loc":{"start":{"line":62,"column":34},"end":{"line":70,"column":3}},"line":62},"6":{"name":"(anonymous_6)","decl":{"start":{"line":64,"column":19},"end":{"line":64,"column":20}},"loc":{"start":{"line":64,"column":25},"end":{"line":67,"column":5}},"line":64},"7":{"name":"(anonymous_7)","decl":{"start":{"line":77,"column":34},"end":{"line":77,"column":35}},"loc":{"start":{"line":77,"column":48},"end":{"line":79,"column":1}},"line":77},"8":{"name":"(anonymous_8)","decl":{"start":{"line":87,"column":37},"end":{"line":87,"column":38}},"loc":{"start":{"line":91,"column":11},"end":{"line":117,"column":1}},"line":91},"9":{"name":"(anonymous_9)","decl":{"start":{"line":93,"column":33},"end":{"line":93,"column":34}},"loc":{"start":{"line":93,"column":69},"end":{"line":100,"column":3}},"line":93},"10":{"name":"(anonymous_10)","decl":{"start":{"line":103,"column":33},"end":{"line":103,"column":34}},"loc":{"start":{"line":103,"column":39},"end":{"line":105,"column":3}},"line":103},"11":{"name":"(anonymous_11)","decl":{"start":{"line":108,"column":19},"end":{"line":108,"column":20}},"loc":{"start":{"line":108,"column":56},"end":{"line":116,"column":3}},"line":108},"12":{"name":"(anonymous_12)","decl":{"start":{"line":123,"column":43},"end":{"line":123,"column":44}},"loc":{"start":{"line":123,"column":65},"end":{"line":130,"column":1}},"line":123},"13":{"name":"(anonymous_13)","decl":{"start":{"line":125,"column":29},"end":{"line":125,"column":30}},"loc":{"start":{"line":125,"column":46},"end":{"line":129,"column":3}},"line":125},"14":{"name":"(anonymous_14)","decl":{"start":{"line":136,"column":39},"end":{"line":136,"column":40}},"loc":{"start":{"line":141,"column":11},"end":{"line":174,"column":1}},"line":141},"15":{"name":"(anonymous_15)","decl":{"start":{"line":149,"column":33},"end":{"line":149,"column":34}},"loc":{"start":{"line":149,"column":69},"end":{"line":153,"column":3}},"line":149},"16":{"name":"(anonymous_16)","decl":{"start":{"line":156,"column":37},"end":{"line":156,"column":38}},"loc":{"start":{"line":156,"column":43},"end":{"line":161,"column":3}},"line":156},"17":{"name":"(anonymous_17)","decl":{"start":{"line":164,"column":36},"end":{"line":164,"column":37}},"loc":{"start":{"line":164,"column":42},"end":{"line":173,"column":3}},"line":164}},"branchMap":{"0":{"loc":{"start":{"line":96,"column":4},"end":{"line":99,"column":5}},"type":"if","locations":[{"start":{"line":96,"column":4},"end":{"line":99,"column":5}},{"start":{},"end":{}}],"line":96},"1":{"loc":{"start":{"line":109,"column":4},"end":{"line":115,"column":5}},"type":"if","locations":[{"start":{"line":109,"column":4},"end":{"line":115,"column":5}},{"start":{"line":112,"column":11},"end":{"line":115,"column":5}}],"line":109},"2":{"loc":{"start":{"line":112,"column":11},"end":{"line":115,"column":5}},"type":"if","locations":[{"start":{"line":112,"column":11},"end":{"line":115,"column":5}},{"start":{},"end":{}}],"line":112},"3":{"loc":{"start":{"line":126,"column":4},"end":{"line":128,"column":5}},"type":"if","locations":[{"start":{"line":126,"column":4},"end":{"line":128,"column":5}},{"start":{},"end":{}}],"line":126},"4":{"loc":{"start":{"line":126,"column":8},"end":{"line":126,"column":58}},"type":"binary-expr","locations":[{"start":{"line":126,"column":8},"end":{"line":126,"column":26}},{"start":{"line":126,"column":30},"end":{"line":126,"column":58}}],"line":126},"5":{"loc":{"start":{"line":150,"column":4},"end":{"line":152,"column":5}},"type":"if","locations":[{"start":{"line":150,"column":4},"end":{"line":152,"column":5}},{"start":{},"end":{}}],"line":150},"6":{"loc":{"start":{"line":158,"column":4},"end":{"line":160,"column":5}},"type":"if","locations":[{"start":{"line":158,"column":4},"end":{"line":160,"column":5}},{"start":{},"end":{}}],"line":158},"7":{"loc":{"start":{"line":170,"column":4},"end":{"line":172,"column":5}},"type":"if","locations":[{"start":{"line":170,"column":4},"end":{"line":172,"column":5}},{"start":{},"end":{}}],"line":170}},"s":{"0":2,"1":1,"2":2,"3":0,"4":2,"5":2,"6":2,"7":2,"8":1,"9":2,"10":0,"11":0,"12":0,"13":0,"14":0,"15":2,"16":2,"17":2,"18":0,"19":0,"20":0,"21":0,"22":0,"23":0,"24":0,"25":0,"26":0,"27":0,"28":0,"29":2,"30":0,"31":0,"32":0,"33":2,"34":0,"35":0,"36":0,"37":0,"38":0,"39":0,"40":0,"41":0,"42":0,"43":0,"44":0,"45":0,"46":0,"47":0},"f":{"0":1,"1":0,"2":2,"3":1,"4":0,"5":0,"6":0,"7":2,"8":0,"9":0,"10":0,"11":0,"12":0,"13":0,"14":0,"15":0,"16":0,"17":0},"b":{"0":[0,0],"1":[0,0],"2":[0,0],"3":[0,0],"4":[0,0],"5":[0,0],"6":[0,0],"7":[0,0]},"_coverageSchema":"1a1c01bbd47fc00a2c39e90264f33305004495a9","hash":"085c6d5181f0f98ae4610bf28ad0d591fa4e83b8"}
}
