TN:
SF:src/App.tsx
FN:20,(anonymous_0)
FN:28,(anonymous_1)
FN:33,(anonymous_2)
FN:38,(anonymous_3)
FN:39,(anonymous_4)
FN:46,(anonymous_5)
FN:72,(anonymous_6)
FN:78,(anonymous_7)
FN:91,(anonymous_8)
FN:99,(anonymous_9)
FN:105,(anonymous_10)
FN:108,(anonymous_11)
FN:213,(anonymous_12)
FN:233,(anonymous_13)
FNF:14
FNH:0
FNDA:0,(anonymous_0)
FNDA:0,(anonymous_1)
FNDA:0,(anonymous_2)
FNDA:0,(anonymous_3)
FNDA:0,(anonymous_4)
FNDA:0,(anonymous_5)
FNDA:0,(anonymous_6)
FNDA:0,(anonymous_7)
FNDA:0,(anonymous_8)
FNDA:0,(anonymous_9)
FNDA:0,(anonymous_10)
FNDA:0,(anonymous_11)
FNDA:0,(anonymous_12)
FNDA:0,(anonymous_13)
DA:18,0
DA:20,0
DA:21,0
DA:22,0
DA:23,0
DA:24,0
DA:25,0
DA:26,0
DA:28,0
DA:29,0
DA:30,0
DA:33,0
DA:34,0
DA:38,0
DA:39,0
DA:40,0
DA:41,0
DA:43,0
DA:46,0
DA:47,0
DA:48,0
DA:54,0
DA:55,0
DA:56,0
DA:59,0
DA:61,0
DA:65,0
DA:69,0
DA:72,0
DA:73,0
DA:78,0
DA:79,0
DA:81,0
DA:92,0
DA:93,0
DA:99,0
DA:100,0
DA:105,0
DA:106,0
DA:108,0
DA:109,0
DA:111,0
DA:112,0
DA:114,0
DA:116,0
DA:122,0
DA:123,0
DA:124,0
DA:127,0
DA:128,0
DA:130,0
DA:132,0
DA:134,0
DA:138,0
DA:141,0
DA:142,0
DA:154,0
DA:158,0
DA:211,0
DA:213,0
DA:218,0
DA:233,0
DA:234,0
LF:63
LH:0
BRDA:54,0,0,0
BRDA:54,0,1,0
BRDA:79,1,0,0
BRDA:79,1,1,0
BRDA:92,2,0,0
BRDA:92,2,1,0
BRDA:92,3,0,0
BRDA:92,3,1,0
BRDA:106,4,0,0
BRDA:106,4,1,0
BRDA:106,5,0,0
BRDA:106,5,1,0
BRDA:114,6,0,0
BRDA:114,6,1,0
BRDA:122,7,0,0
BRDA:122,7,1,0
BRDA:128,8,0,0
BRDA:128,8,1,0
BRDA:141,9,0,0
BRDA:141,9,1,0
BRDA:219,10,0,0
BRDA:219,10,1,0
BRDA:222,11,0,0
BRDA:222,11,1,0
BRDA:223,12,0,0
BRDA:223,12,1,0
BRF:26
BRH:0
end_of_record
TN:
SF:src/components/ConnectionStatus.tsx
FN:4,(anonymous_0)
FN:10,(anonymous_1)
FN:11,(anonymous_2)
FN:31,(anonymous_3)
FN:34,(anonymous_4)
FN:48,(anonymous_5)
FNF:6
FNH:6
FNDA:11,(anonymous_0)
FNDA:7,(anonymous_1)
FNDA:7,(anonymous_2)
FNDA:7,(anonymous_3)
FNDA:10,(anonymous_4)
FNDA:3,(anonymous_5)
DA:4,1
DA:5,11
DA:6,11
DA:7,10
DA:10,10
DA:11,7
DA:12,7
DA:14,7
DA:15,7
DA:20,7
DA:21,7
DA:23,0
DA:24,0
DA:28,7
DA:29,7
DA:31,7
DA:34,10
DA:35,10
DA:37,7
DA:39,1
DA:42,2
DA:44,0
DA:48,10
DA:49,3
DA:52,10
LF:25
LH:22
BRDA:35,0,0,7
BRDA:35,0,1,1
BRDA:35,0,2,1
BRDA:35,0,3,2
BRDA:35,0,4,0
BRDA:73,1,0,7
BRDA:73,1,1,3
BRDA:74,2,0,1
BRDA:74,2,1,2
BRDA:75,3,0,1
BRDA:75,3,1,1
BRDA:80,4,0,10
BRDA:80,4,1,2
BRDA:91,5,0,2
BRDA:91,5,1,0
BRF:15
BRH:13
end_of_record
TN:
SF:src/contexts/SocketContext.tsx
FN:11,(anonymous_0)
FN:21,(anonymous_1)
FN:27,(anonymous_2)
FN:41,(anonymous_3)
FN:52,(anonymous_4)
FN:63,(anonymous_5)
FN:75,(anonymous_6)
FN:91,(anonymous_7)
FN:104,(anonymous_8)
FNF:9
FNH:0
FNDA:0,(anonymous_0)
FNDA:0,(anonymous_1)
FNDA:0,(anonymous_2)
FNDA:0,(anonymous_3)
FNDA:0,(anonymous_4)
FNDA:0,(anonymous_5)
FNDA:0,(anonymous_6)
FNDA:0,(anonymous_7)
FNDA:0,(anonymous_8)
DA:9,0
DA:11,0
DA:15,0
DA:16,0
DA:17,0
DA:18,0
DA:19,0
DA:21,0
DA:22,0
DA:23,0
DA:24,0
DA:27,0
DA:28,0
DA:29,0
DA:30,0
DA:32,0
DA:41,0
DA:42,0
DA:43,0
DA:44,0
DA:46,0
DA:47,0
DA:48,0
DA:52,0
DA:53,0
DA:54,0
DA:56,0
DA:58,0
DA:59,0
DA:63,0
DA:64,0
DA:65,0
DA:67,0
DA:68,0
DA:69,0
DA:71,0
DA:73,0
DA:75,0
DA:76,0
DA:77,0
DA:78,0
DA:84,0
DA:86,0
DA:89,0
DA:91,0
DA:92,0
DA:93,0
DA:96,0
DA:97,0
DA:101,0
DA:104,0
DA:105,0
DA:106,0
DA:107,0
LF:54
LH:0
BRDA:22,0,0,0
BRDA:22,0,1,0
BRDA:29,1,0,0
BRDA:29,1,1,0
BRDA:46,2,0,0
BRDA:46,2,1,0
BRDA:56,3,0,0
BRDA:56,3,1,0
BRDA:67,4,0,0
BRDA:67,4,1,0
BRDA:73,5,0,0
BRDA:73,5,1,0
BRDA:92,6,0,0
BRDA:92,6,1,0
BRDA:106,7,0,0
BRDA:106,7,1,0
BRF:16
BRH:0
end_of_record
TN:
SF:src/pages/CanvasPage.tsx
FN:86,(anonymous_0)
FN:105,(anonymous_1)
FN:105,(anonymous_2)
FN:110,(anonymous_3)
FN:122,(anonymous_4)
FN:159,(anonymous_5)
FN:160,(anonymous_6)
FN:167,(anonymous_7)
FN:171,(anonymous_8)
FN:188,(anonymous_9)
FN:227,(anonymous_10)
FN:309,(anonymous_11)
FN:330,(anonymous_12)
FN:337,(anonymous_13)
FN:342,(anonymous_14)
FN:343,(anonymous_15)
FN:377,(anonymous_16)
FN:377,(anonymous_17)
FN:384,(anonymous_18)
FN:384,(anonymous_19)
FN:413,(anonymous_20)
FN:416,(anonymous_21)
FN:417,(anonymous_22)
FN:431,(anonymous_23)
FN:433,(anonymous_24)
FN:436,(anonymous_25)
FN:437,(anonymous_26)
FN:454,(anonymous_27)
FN:455,(anonymous_28)
FN:464,(anonymous_29)
FN:468,(anonymous_30)
FN:475,(anonymous_31)
FN:476,(anonymous_32)
FN:489,(anonymous_33)
FN:516,(anonymous_34)
FN:528,(anonymous_35)
FN:540,(anonymous_36)
FN:555,(anonymous_37)
FN:556,(anonymous_38)
FN:573,(anonymous_39)
FN:574,(anonymous_40)
FN:593,(anonymous_41)
FN:601,(anonymous_42)
FN:607,(anonymous_43)
FN:614,(anonymous_44)
FN:619,(anonymous_45)
FN:627,(anonymous_46)
FN:634,(anonymous_47)
FN:642,(anonymous_48)
FN:649,(anonymous_49)
FN:656,(anonymous_50)
FN:659,(anonymous_51)
FN:667,(anonymous_52)
FN:669,(anonymous_53)
FN:674,(anonymous_54)
FN:676,(anonymous_55)
FN:683,(anonymous_56)
FN:698,(anonymous_57)
FN:710,(anonymous_58)
FN:711,(anonymous_59)
FN:712,(anonymous_60)
FN:723,(anonymous_61)
FN:724,(anonymous_62)
FN:725,(anonymous_63)
FN:741,(anonymous_64)
FN:745,(anonymous_65)
FN:748,(anonymous_66)
FN:758,(anonymous_67)
FN:770,(anonymous_68)
FN:773,(anonymous_69)
FN:776,(anonymous_70)
FN:791,(anonymous_71)
FN:796,(anonymous_72)
FN:800,(anonymous_73)
FN:810,(anonymous_74)
FN:817,(anonymous_75)
FN:837,(anonymous_76)
FN:846,(anonymous_77)
FN:852,(anonymous_78)
FN:856,(anonymous_79)
FN:869,(anonymous_80)
FN:879,(anonymous_81)
FN:884,(anonymous_82)
FN:885,(anonymous_83)
FN:906,(anonymous_84)
FN:911,(anonymous_85)
FN:912,(anonymous_86)
FN:915,(anonymous_87)
FN:930,(anonymous_88)
FN:939,(anonymous_89)
FN:960,(anonymous_90)
FN:969,(anonymous_91)
FN:970,(anonymous_92)
FN:987,(anonymous_93)
FN:990,(anonymous_94)
FN:1013,(anonymous_95)
FN:1021,(anonymous_96)
FN:1038,(anonymous_97)
FN:1042,(anonymous_98)
FN:1066,(anonymous_99)
FN:1073,(anonymous_100)
FN:1084,(anonymous_101)
FN:1162,(anonymous_102)
FN:1163,(anonymous_103)
FNF:104
FNH:0
FNDA:0,(anonymous_0)
FNDA:0,(anonymous_1)
FNDA:0,(anonymous_2)
FNDA:0,(anonymous_3)
FNDA:0,(anonymous_4)
FNDA:0,(anonymous_5)
FNDA:0,(anonymous_6)
FNDA:0,(anonymous_7)
FNDA:0,(anonymous_8)
FNDA:0,(anonymous_9)
FNDA:0,(anonymous_10)
FNDA:0,(anonymous_11)
FNDA:0,(anonymous_12)
FNDA:0,(anonymous_13)
FNDA:0,(anonymous_14)
FNDA:0,(anonymous_15)
FNDA:0,(anonymous_16)
FNDA:0,(anonymous_17)
FNDA:0,(anonymous_18)
FNDA:0,(anonymous_19)
FNDA:0,(anonymous_20)
FNDA:0,(anonymous_21)
FNDA:0,(anonymous_22)
FNDA:0,(anonymous_23)
FNDA:0,(anonymous_24)
FNDA:0,(anonymous_25)
FNDA:0,(anonymous_26)
FNDA:0,(anonymous_27)
FNDA:0,(anonymous_28)
FNDA:0,(anonymous_29)
FNDA:0,(anonymous_30)
FNDA:0,(anonymous_31)
FNDA:0,(anonymous_32)
FNDA:0,(anonymous_33)
FNDA:0,(anonymous_34)
FNDA:0,(anonymous_35)
FNDA:0,(anonymous_36)
FNDA:0,(anonymous_37)
FNDA:0,(anonymous_38)
FNDA:0,(anonymous_39)
FNDA:0,(anonymous_40)
FNDA:0,(anonymous_41)
FNDA:0,(anonymous_42)
FNDA:0,(anonymous_43)
FNDA:0,(anonymous_44)
FNDA:0,(anonymous_45)
FNDA:0,(anonymous_46)
FNDA:0,(anonymous_47)
FNDA:0,(anonymous_48)
FNDA:0,(anonymous_49)
FNDA:0,(anonymous_50)
FNDA:0,(anonymous_51)
FNDA:0,(anonymous_52)
FNDA:0,(anonymous_53)
FNDA:0,(anonymous_54)
FNDA:0,(anonymous_55)
FNDA:0,(anonymous_56)
FNDA:0,(anonymous_57)
FNDA:0,(anonymous_58)
FNDA:0,(anonymous_59)
FNDA:0,(anonymous_60)
FNDA:0,(anonymous_61)
FNDA:0,(anonymous_62)
FNDA:0,(anonymous_63)
FNDA:0,(anonymous_64)
FNDA:0,(anonymous_65)
FNDA:0,(anonymous_66)
FNDA:0,(anonymous_67)
FNDA:0,(anonymous_68)
FNDA:0,(anonymous_69)
FNDA:0,(anonymous_70)
FNDA:0,(anonymous_71)
FNDA:0,(anonymous_72)
FNDA:0,(anonymous_73)
FNDA:0,(anonymous_74)
FNDA:0,(anonymous_75)
FNDA:0,(anonymous_76)
FNDA:0,(anonymous_77)
FNDA:0,(anonymous_78)
FNDA:0,(anonymous_79)
FNDA:0,(anonymous_80)
FNDA:0,(anonymous_81)
FNDA:0,(anonymous_82)
FNDA:0,(anonymous_83)
FNDA:0,(anonymous_84)
FNDA:0,(anonymous_85)
FNDA:0,(anonymous_86)
FNDA:0,(anonymous_87)
FNDA:0,(anonymous_88)
FNDA:0,(anonymous_89)
FNDA:0,(anonymous_90)
FNDA:0,(anonymous_91)
FNDA:0,(anonymous_92)
FNDA:0,(anonymous_93)
FNDA:0,(anonymous_94)
FNDA:0,(anonymous_95)
FNDA:0,(anonymous_96)
FNDA:0,(anonymous_97)
FNDA:0,(anonymous_98)
FNDA:0,(anonymous_99)
FNDA:0,(anonymous_100)
FNDA:0,(anonymous_101)
FNDA:0,(anonymous_102)
FNDA:0,(anonymous_103)
DA:63,0
DA:67,0
DA:70,0
DA:72,0
DA:86,0
DA:87,0
DA:88,0
DA:89,0
DA:90,0
DA:91,0
DA:92,0
DA:93,0
DA:94,0
DA:95,0
DA:96,0
DA:99,0
DA:102,0
DA:104,0
DA:105,0
DA:110,0
DA:111,0
DA:118,0
DA:122,0
DA:123,0
DA:125,0
DA:126,0
DA:129,0
DA:130,0
DA:131,0
DA:133,0
DA:134,0
DA:136,0
DA:137,0
DA:138,0
DA:141,0
DA:142,0
DA:143,0
DA:144,0
DA:148,0
DA:154,0
DA:155,0
DA:158,0
DA:159,0
DA:160,0
DA:161,0
DA:163,0
DA:166,0
DA:169,0
DA:170,0
DA:173,0
DA:178,0
DA:187,0
DA:188,0
DA:194,0
DA:195,0
DA:196,0
DA:197,0
DA:199,0
DA:200,0
DA:206,0
DA:207,0
DA:211,0
DA:215,0
DA:216,0
DA:217,0
DA:222,0
DA:223,0
DA:226,0
DA:227,0
DA:229,0
DA:230,0
DA:238,0
DA:242,0
DA:250,0
DA:254,0
DA:255,0
DA:257,0
DA:259,0
DA:260,0
DA:261,0
DA:264,0
DA:268,0
DA:271,0
DA:272,0
DA:275,0
DA:276,0
DA:277,0
DA:279,0
DA:283,0
DA:300,0
DA:303,0
DA:307,0
DA:309,0
DA:323,0
DA:325,0
DA:330,0
DA:331,0
DA:333,0
DA:336,0
DA:337,0
DA:338,0
DA:340,0
DA:342,0
DA:343,0
DA:344,0
DA:348,0
DA:351,0
DA:356,0
DA:358,0
DA:373,0
DA:375,0
DA:377,0
DA:378,0
DA:379,0
DA:380,0
DA:382,0
DA:384,0
DA:385,0
DA:387,0
DA:392,0
DA:394,0
DA:405,0
DA:409,0
DA:413,0
DA:414,0
DA:416,0
DA:417,0
DA:418,0
DA:431,0
DA:432,0
DA:433,0
DA:434,0
DA:436,0
DA:437,0
DA:438,0
DA:439,0
DA:440,0
DA:450,0
DA:454,0
DA:455,0
DA:464,0
DA:468,0
DA:469,0
DA:472,0
DA:475,0
DA:476,0
DA:477,0
DA:478,0
DA:483,0
DA:489,0
DA:490,0
DA:491,0
DA:492,0
DA:493,0
DA:497,0
DA:499,0
DA:500,0
DA:508,0
DA:517,0
DA:518,0
DA:529,0
DA:530,0
DA:541,0
DA:542,0
DA:545,0
DA:546,0
DA:547,0
DA:551,0
DA:554,0
DA:555,0
DA:556,0
DA:557,0
DA:558,0
DA:562,0
DA:563,0
DA:568,0
DA:573,0
DA:574,0
DA:575,0
DA:576,0
DA:586,0
DA:594,0
DA:595,0
DA:596,0
DA:598,0
DA:599,0
DA:601,0
DA:602,0
DA:607,0
DA:608,0
DA:611,0
DA:614,0
DA:615,0
DA:616,0
DA:619,0
DA:620,0
DA:627,0
DA:628,0
DA:632,0
DA:634,0
DA:635,0
DA:641,0
DA:643,0
DA:645,0
DA:648,0
DA:650,0
DA:651,0
DA:653,0
DA:657,0
DA:660,0
DA:667,0
DA:668,0
DA:669,0
DA:670,0
DA:674,0
DA:676,0
DA:677,0
DA:683,0
DA:684,0
DA:687,0
DA:695,0
DA:698,0
DA:700,0
DA:702,0
DA:703,0
DA:706,0
DA:707,0
DA:710,0
DA:711,0
DA:712,0
DA:715,0
DA:716,0
DA:717,0
DA:719,0
DA:723,0
DA:724,0
DA:725,0
DA:728,0
DA:729,0
DA:730,0
DA:732,0
DA:740,0
DA:743,0
DA:745,0
DA:748,0
DA:749,0
DA:750,0
DA:755,0
DA:758,0
DA:759,0
DA:760,0
DA:769,0
DA:771,0
DA:773,0
DA:776,0
DA:777,0
DA:778,0
DA:783,0
DA:790,0
DA:792,0
DA:794,0
DA:796,0
DA:797,0
DA:800,0
DA:801,0
DA:803,0
DA:806,0
DA:810,0
DA:817,0
DA:819,0
DA:820,0
DA:821,0
DA:825,0
DA:826,0
DA:833,0
DA:837,0
DA:838,0
DA:839,0
DA:840,0
DA:846,0
DA:847,0
DA:852,0
DA:853,0
DA:856,0
DA:857,0
DA:869,0
DA:872,0
DA:873,0
DA:879,0
DA:884,0
DA:885,0
DA:886,0
DA:887,0
DA:895,0
DA:900,0
DA:901,0
DA:906,0
DA:911,0
DA:912,0
DA:915,0
DA:916,0
DA:920,0
DA:924,0
DA:925,0
DA:930,0
DA:931,0
DA:932,0
DA:936,0
DA:939,0
DA:941,0
DA:942,0
DA:946,0
DA:948,0
DA:950,0
DA:952,0
DA:956,0
DA:960,0
DA:964,0
DA:966,0
DA:969,0
DA:970,0
DA:971,0
DA:972,0
DA:980,0
DA:987,0
DA:988,0
DA:990,0
DA:991,0
DA:993,0
DA:994,0
DA:997,0
DA:998,0
DA:999,0
DA:1002,0
DA:1008,0
DA:1009,0
DA:1010,0
DA:1013,0
DA:1014,0
DA:1015,0
DA:1021,0
DA:1023,0
DA:1024,0
DA:1025,0
DA:1026,0
DA:1028,0
DA:1029,0
DA:1032,0
DA:1038,0
DA:1039,0
DA:1042,0
DA:1049,0
DA:1051,0
DA:1053,0
DA:1054,0
DA:1057,0
DA:1058,0
DA:1064,0
DA:1066,0
DA:1067,0
DA:1073,0
DA:1075,0
DA:1079,0
DA:1080,0
DA:1084,0
DA:1085,0
DA:1086,0
DA:1089,0
DA:1162,0
DA:1163,0
LF:370
LH:0
BRDA:118,0,0,0
BRDA:118,0,1,0
BRDA:123,1,0,0
BRDA:123,1,1,0
BRDA:129,2,0,0
BRDA:129,2,1,0
BRDA:129,3,0,0
BRDA:129,3,1,0
BRDA:129,3,2,0
BRDA:129,3,3,0
BRDA:136,4,0,0
BRDA:136,4,1,0
BRDA:141,5,0,0
BRDA:141,5,1,0
BRDA:199,6,0,0
BRDA:199,6,1,0
BRDA:206,7,0,0
BRDA:206,7,1,0
BRDA:222,8,0,0
BRDA:222,8,1,0
BRDA:226,9,0,0
BRDA:226,9,1,0
BRDA:226,10,0,0
BRDA:226,10,1,0
BRDA:229,11,0,0
BRDA:229,11,1,0
BRDA:244,12,0,0
BRDA:244,12,1,0
BRDA:257,13,0,0
BRDA:257,13,1,0
BRDA:261,14,0,0
BRDA:261,14,1,0
BRDA:261,15,0,0
BRDA:261,15,1,0
BRDA:261,15,2,0
BRDA:261,15,3,0
BRDA:307,16,0,0
BRDA:307,16,1,0
BRDA:309,17,0,0
BRDA:309,17,1,0
BRDA:331,18,0,0
BRDA:331,18,1,0
BRDA:336,19,0,0
BRDA:336,19,1,0
BRDA:340,20,0,0
BRDA:340,20,1,0
BRDA:340,21,0,0
BRDA:340,21,1,0
BRDA:343,22,0,0
BRDA:343,22,1,0
BRDA:348,23,0,0
BRDA:348,23,1,0
BRDA:352,24,0,0
BRDA:352,24,1,0
BRDA:353,25,0,0
BRDA:353,25,1,0
BRDA:375,26,0,0
BRDA:375,26,1,0
BRDA:375,27,0,0
BRDA:375,27,1,0
BRDA:378,28,0,0
BRDA:378,28,1,0
BRDA:382,29,0,0
BRDA:382,29,1,0
BRDA:382,30,0,0
BRDA:382,30,1,0
BRDA:385,31,0,0
BRDA:385,31,1,0
BRDA:388,32,0,0
BRDA:388,32,1,0
BRDA:389,33,0,0
BRDA:389,33,1,0
BRDA:418,34,0,0
BRDA:418,34,1,0
BRDA:438,35,0,0
BRDA:438,35,1,0
BRDA:477,36,0,0
BRDA:477,36,1,0
BRDA:542,37,0,0
BRDA:542,37,1,0
BRDA:542,38,0,0
BRDA:542,38,1,0
BRDA:545,39,0,0
BRDA:545,39,1,0
BRDA:551,40,0,0
BRDA:551,40,1,0
BRDA:551,41,0,0
BRDA:551,41,1,0
BRDA:551,41,2,0
BRDA:557,42,0,0
BRDA:557,42,1,0
BRDA:559,43,0,0
BRDA:559,43,1,0
BRDA:560,44,0,0
BRDA:560,44,1,0
BRDA:575,45,0,0
BRDA:575,45,1,0
BRDA:595,46,0,0
BRDA:595,46,1,0
BRDA:598,47,0,0
BRDA:598,47,1,0
BRDA:628,48,0,0
BRDA:628,48,1,0
BRDA:628,49,0,0
BRDA:628,49,1,0
BRDA:632,50,0,0
BRDA:632,50,1,0
BRDA:632,51,0,0
BRDA:632,51,1,0
BRDA:650,52,0,0
BRDA:650,52,1,0
BRDA:668,53,0,0
BRDA:668,53,1,0
BRDA:668,54,0,0
BRDA:668,54,1,0
BRDA:668,54,2,0
BRDA:684,55,0,0
BRDA:684,55,1,0
BRDA:684,56,0,0
BRDA:684,56,1,0
BRDA:684,56,2,0
BRDA:702,57,0,0
BRDA:702,57,1,0
BRDA:706,58,0,0
BRDA:706,58,1,0
BRDA:706,59,0,0
BRDA:706,59,1,0
BRDA:715,60,0,0
BRDA:715,60,1,0
BRDA:728,61,0,0
BRDA:728,61,1,0
BRDA:743,62,0,0
BRDA:743,62,1,0
BRDA:743,63,0,0
BRDA:743,63,1,0
BRDA:743,63,2,0
BRDA:749,64,0,0
BRDA:749,64,1,0
BRDA:759,65,0,0
BRDA:759,65,1,0
BRDA:759,66,0,0
BRDA:759,66,1,0
BRDA:771,67,0,0
BRDA:771,67,1,0
BRDA:771,68,0,0
BRDA:771,68,1,0
BRDA:771,68,2,0
BRDA:777,69,0,0
BRDA:777,69,1,0
BRDA:794,70,0,0
BRDA:794,70,1,0
BRDA:794,71,0,0
BRDA:794,71,1,0
BRDA:794,71,2,0
BRDA:801,72,0,0
BRDA:801,72,1,0
BRDA:819,73,0,0
BRDA:819,73,1,0
BRDA:825,74,0,0
BRDA:825,74,1,0
BRDA:825,75,0,0
BRDA:825,75,1,0
BRDA:825,75,2,0
BRDA:825,75,3,0
BRDA:838,76,0,0
BRDA:838,76,1,0
BRDA:853,77,0,0
BRDA:853,77,1,0
BRDA:872,78,0,0
BRDA:872,78,1,0
BRDA:872,79,0,0
BRDA:872,79,1,0
BRDA:872,79,2,0
BRDA:886,80,0,0
BRDA:886,80,1,0
BRDA:900,81,0,0
BRDA:900,81,1,0
BRDA:900,82,0,0
BRDA:900,82,1,0
BRDA:900,82,2,0
BRDA:924,83,0,0
BRDA:924,83,1,0
BRDA:924,84,0,0
BRDA:924,84,1,0
BRDA:924,84,2,0
BRDA:941,85,0,0
BRDA:941,85,1,0
BRDA:948,86,0,0
BRDA:948,86,1,0
BRDA:964,87,0,0
BRDA:964,87,1,0
BRDA:964,88,0,0
BRDA:964,88,1,0
BRDA:964,88,2,0
BRDA:971,89,0,0
BRDA:971,89,1,0
BRDA:988,90,0,0
BRDA:988,90,1,0
BRDA:988,91,0,0
BRDA:988,91,1,0
BRDA:988,91,2,0
BRDA:994,92,0,0
BRDA:994,92,1,0
BRDA:1009,93,0,0
BRDA:1009,93,1,0
BRDA:1014,94,0,0
BRDA:1014,94,1,0
BRDA:1023,95,0,0
BRDA:1023,95,1,0
BRDA:1023,96,0,0
BRDA:1023,96,1,0
BRDA:1023,96,2,0
BRDA:1025,97,0,0
BRDA:1025,97,1,0
BRDA:1039,98,0,0
BRDA:1039,98,1,0
BRDA:1039,99,0,0
BRDA:1039,99,1,0
BRDA:1039,99,2,0
BRDA:1051,100,0,0
BRDA:1051,100,1,0
BRDA:1051,101,0,0
BRDA:1051,101,1,0
BRDA:1114,102,0,0
BRDA:1114,102,1,0
BRDA:1121,103,0,0
BRDA:1121,103,1,0
BRDA:1137,104,0,0
BRDA:1137,104,1,0
BRDA:1137,104,2,0
BRF:230
BRH:0
end_of_record
TN:
SF:src/services/networkAdapter.ts
FN:17,(anonymous_0)
FN:27,(anonymous_1)
FN:31,(anonymous_2)
FN:32,(anonymous_3)
FN:43,(anonymous_4)
FN:51,(anonymous_5)
FN:60,(anonymous_6)
FN:70,(anonymous_7)
FN:74,(anonymous_8)
FN:82,(anonymous_9)
FN:85,(anonymous_10)
FN:98,(anonymous_11)
FN:104,(anonymous_12)
FN:108,(anonymous_13)
FN:123,(anonymous_14)
FN:135,(anonymous_15)
FN:136,(anonymous_16)
FN:142,(anonymous_17)
FN:149,(anonymous_18)
FN:166,(anonymous_19)
FN:174,(anonymous_20)
FN:180,(anonymous_21)
FN:185,(anonymous_22)
FN:213,(anonymous_23)
FN:221,(anonymous_24)
FN:227,(anonymous_25)
FN:235,(anonymous_26)
FN:241,(anonymous_27)
FN:246,(anonymous_28)
FN:254,(anonymous_29)
FN:273,(anonymous_30)
FN:289,(anonymous_31)
FNF:32
FNH:12
FNDA:2,(anonymous_0)
FNDA:6,(anonymous_1)
FNDA:0,(anonymous_2)
FNDA:0,(anonymous_3)
FNDA:0,(anonymous_4)
FNDA:0,(anonymous_5)
FNDA:0,(anonymous_6)
FNDA:2,(anonymous_7)
FNDA:2,(anonymous_8)
FNDA:1,(anonymous_9)
FNDA:0,(anonymous_10)
FNDA:0,(anonymous_11)
FNDA:1,(anonymous_12)
FNDA:0,(anonymous_13)
FNDA:6,(anonymous_14)
FNDA:0,(anonymous_15)
FNDA:0,(anonymous_16)
FNDA:0,(anonymous_17)
FNDA:0,(anonymous_18)
FNDA:0,(anonymous_19)
FNDA:0,(anonymous_20)
FNDA:1,(anonymous_21)
FNDA:1,(anonymous_22)
FNDA:0,(anonymous_23)
FNDA:0,(anonymous_24)
FNDA:0,(anonymous_25)
FNDA:0,(anonymous_26)
FNDA:0,(anonymous_27)
FNDA:0,(anonymous_28)
FNDA:1,(anonymous_29)
FNDA:1,(anonymous_30)
FNDA:2,(anonymous_31)
DA:17,1
DA:19,2
DA:24,6
DA:25,6
DA:28,6
DA:32,0
DA:33,0
DA:34,0
DA:35,0
DA:38,0
DA:39,0
DA:40,0
DA:43,0
DA:44,0
DA:45,0
DA:48,0
DA:51,0
DA:52,0
DA:53,0
DA:54,0
DA:61,0
DA:63,0
DA:64,0
DA:66,0
DA:71,2
DA:75,2
DA:76,2
DA:78,0
DA:83,1
DA:84,0
DA:85,0
DA:89,1
DA:90,1
DA:92,1
DA:95,1
DA:98,1
DA:99,0
DA:100,0
DA:105,1
DA:111,0
DA:117,6
DA:118,6
DA:119,6
DA:121,6
DA:124,6
DA:125,6
DA:126,6
DA:127,6
DA:130,6
DA:131,0
DA:136,0
DA:137,0
DA:138,0
DA:139,0
DA:142,0
DA:143,0
DA:144,0
DA:145,0
DA:149,0
DA:150,0
DA:151,0
DA:152,0
DA:157,0
DA:158,0
DA:159,0
DA:163,0
DA:166,0
DA:167,0
DA:168,0
DA:169,0
DA:175,0
DA:176,0
DA:181,1
DA:186,1
DA:187,1
DA:188,1
DA:192,0
DA:195,0
DA:209,0
DA:215,0
DA:216,0
DA:218,0
DA:221,0
DA:222,0
DA:228,0
DA:229,0
DA:232,0
DA:235,0
DA:237,0
DA:239,0
DA:241,0
DA:243,0
DA:244,0
DA:245,0
DA:246,0
DA:255,1
DA:257,0
DA:258,0
DA:269,0
DA:274,1
DA:276,0
DA:277,0
DA:284,0
DA:289,1
DA:295,2
DA:296,1
DA:297,1
DA:299,1
DA:300,1
LF:109
LH:36
BRDA:33,0,0,0
BRDA:33,0,1,0
BRDA:38,1,0,0
BRDA:38,1,1,0
BRDA:52,2,0,0
BRDA:52,2,1,0
BRDA:61,3,0,0
BRDA:61,3,1,0
BRDA:71,4,0,2
BRDA:71,4,1,1
BRDA:75,5,0,2
BRDA:75,5,1,0
BRDA:83,6,0,0
BRDA:83,6,1,1
BRDA:89,7,0,1
BRDA:89,7,1,0
BRDA:127,8,0,6
BRDA:127,8,1,6
BRDA:130,9,0,0
BRDA:130,9,1,6
BRDA:137,10,0,0
BRDA:137,10,1,0
BRDA:143,11,0,0
BRDA:143,11,1,0
BRDA:150,12,0,0
BRDA:150,12,1,0
BRDA:157,13,0,0
BRDA:157,13,1,0
BRDA:175,14,0,0
BRDA:175,14,1,0
BRDA:181,15,0,1
BRDA:181,15,1,1
BRDA:186,16,0,1
BRDA:186,16,1,0
BRDA:186,17,0,1
BRDA:186,17,1,0
BRDA:192,18,0,0
BRDA:192,18,1,0
BRDA:200,19,0,0
BRDA:200,19,1,0
BRDA:215,20,0,0
BRDA:215,20,1,0
BRDA:229,21,0,0
BRDA:229,21,1,0
BRDA:237,22,0,0
BRDA:237,22,1,0
BRDA:239,23,0,0
BRDA:239,23,1,0
BRDA:239,24,0,0
BRDA:239,24,1,0
BRDA:244,25,0,0
BRDA:244,25,1,0
BRDA:255,26,0,1
BRDA:255,26,1,0
BRDA:257,27,0,0
BRDA:257,27,1,0
BRDA:263,28,0,0
BRDA:263,28,1,0
BRDA:274,29,0,1
BRDA:274,29,1,0
BRDA:276,30,0,0
BRDA:276,30,1,0
BRDA:295,31,0,1
BRDA:295,31,1,1
BRDA:295,32,0,2
BRDA:295,32,1,2
BRDA:295,32,2,1
BRF:67
BRH:19
end_of_record
TN:
SF:src/services/nodeService.ts
FN:23,(anonymous_0)
FN:51,(anonymous_1)
FN:59,(anonymous_2)
FN:64,(anonymous_3)
FN:102,(anonymous_4)
FN:110,(anonymous_5)
FN:118,(anonymous_6)
FN:127,(anonymous_7)
FNF:8
FNH:0
FNDA:0,(anonymous_0)
FNDA:0,(anonymous_1)
FNDA:0,(anonymous_2)
FNDA:0,(anonymous_3)
FNDA:0,(anonymous_4)
FNDA:0,(anonymous_5)
FNDA:0,(anonymous_6)
FNDA:0,(anonymous_7)
DA:23,0
DA:30,0
DA:31,0
DA:33,0
DA:47,0
DA:48,0
DA:51,0
DA:52,0
DA:55,0
DA:56,0
DA:59,0
DA:60,0
DA:61,0
DA:64,0
DA:72,0
DA:73,0
DA:75,0
DA:76,0
DA:79,0
DA:88,0
DA:89,0
DA:90,0
DA:93,0
DA:95,0
DA:97,0
DA:98,0
DA:102,0
DA:103,0
DA:107,0
DA:110,0
DA:111,0
DA:115,0
DA:118,0
DA:119,0
DA:123,0
DA:127,0
DA:131,0
DA:132,0
DA:139,0
DA:140,0
DA:142,0
DA:143,0
DA:148,0
LF:43
LH:0
BRDA:43,0,0,0
BRDA:43,0,1,0
BRDA:47,1,0,0
BRDA:47,1,1,0
BRDA:55,2,0,0
BRDA:55,2,1,0
BRDA:61,3,0,0
BRDA:61,3,1,0
BRDA:72,4,0,0
BRDA:72,4,1,0
BRDA:73,5,0,0
BRDA:73,5,1,0
BRDA:88,6,0,0
BRDA:88,6,1,0
BRDA:107,7,0,0
BRDA:107,7,1,0
BRDA:115,8,0,0
BRDA:115,8,1,0
BRDA:123,9,0,0
BRDA:123,9,1,0
BRDA:129,10,0,0
BRDA:139,11,0,0
BRDA:139,11,1,0
BRDA:140,12,0,0
BRDA:140,12,1,0
BRF:25
BRH:0
end_of_record
TN:
SF:src/services/positionAdapter.ts
FN:23,(anonymous_0)
FN:30,(anonymous_1)
FNF:2
FNH:0
FNDA:0,(anonymous_0)
FNDA:0,(anonymous_1)
DA:23,0
DA:26,0
DA:30,0
DA:33,0
LF:4
LH:0
BRF:0
BRH:0
end_of_record
TN:
SF:src/services/yjsPositionAdapter.ts
FN:18,(anonymous_0)
FN:31,(anonymous_1)
FN:38,(anonymous_2)
FN:55,(anonymous_3)
FN:62,(anonymous_4)
FN:78,(anonymous_5)
FN:87,(anonymous_6)
FN:94,(anonymous_7)
FN:106,(anonymous_8)
FNF:9
FNH:9
FNDA:2,(anonymous_0)
FNDA:2,(anonymous_1)
FNDA:3,(anonymous_2)
FNDA:1,(anonymous_3)
FNDA:2,(anonymous_4)
FNDA:2,(anonymous_5)
FNDA:2,(anonymous_6)
FNDA:2,(anonymous_7)
FNDA:1,(anonymous_8)
DA:18,1
DA:19,2
DA:20,2
DA:21,1
DA:23,1
DA:24,1
DA:31,1
DA:32,2
DA:34,2
DA:37,1
DA:38,1
DA:39,3
DA:40,2
DA:44,1
DA:46,1
DA:47,1
DA:55,1
DA:56,1
DA:62,1
DA:63,2
DA:65,2
DA:66,3
DA:68,1
DA:70,1
DA:71,1
DA:78,1
DA:80,2
DA:81,2
DA:87,1
DA:88,2
DA:94,1
DA:95,2
DA:96,2
DA:98,1
DA:99,1
DA:106,1
DA:107,1
DA:112,1
LF:38
LH:38
BRDA:39,0,0,2
BRDA:39,0,1,1
BRDA:81,1,0,0
BRDA:81,1,1,2
BRF:4
BRH:3
end_of_record
TN:
SF:src/services/yjsService.ts
FN:75,(anonymous_0)
FN:113,(anonymous_1)
FN:128,(anonymous_2)
FN:136,(anonymous_3)
FN:157,(anonymous_4)
FN:174,(anonymous_5)
FN:188,(anonymous_6)
FN:201,(anonymous_7)
FN:248,(anonymous_8)
FN:264,(anonymous_9)
FN:277,(anonymous_10)
FN:284,(anonymous_11)
FN:312,(anonymous_12)
FN:319,(anonymous_13)
FN:336,(anonymous_14)
FN:371,(anonymous_15)
FN:377,(anonymous_16)
FN:396,(anonymous_17)
FN:404,(anonymous_18)
FN:409,(anonymous_19)
FN:413,(anonymous_20)
FN:423,(anonymous_21)
FN:437,(anonymous_22)
FN:452,(anonymous_23)
FN:489,(anonymous_24)
FN:505,(anonymous_25)
FN:513,(anonymous_26)
FN:525,(anonymous_27)
FNF:28
FNH:4
FNDA:6,(anonymous_0)
FNDA:0,(anonymous_1)
FNDA:0,(anonymous_2)
FNDA:0,(anonymous_3)
FNDA:0,(anonymous_4)
FNDA:2,(anonymous_5)
FNDA:3,(anonymous_6)
FNDA:0,(anonymous_7)
FNDA:0,(anonymous_8)
FNDA:0,(anonymous_9)
FNDA:0,(anonymous_10)
FNDA:0,(anonymous_11)
FNDA:0,(anonymous_12)
FNDA:0,(anonymous_13)
FNDA:1,(anonymous_14)
FNDA:0,(anonymous_15)
FNDA:0,(anonymous_16)
FNDA:0,(anonymous_17)
FNDA:0,(anonymous_18)
FNDA:0,(anonymous_19)
FNDA:0,(anonymous_20)
FNDA:0,(anonymous_21)
FNDA:0,(anonymous_22)
FNDA:0,(anonymous_23)
FNDA:0,(anonymous_24)
FNDA:0,(anonymous_25)
FNDA:0,(anonymous_26)
FNDA:0,(anonymous_27)
DA:51,1
DA:52,1
DA:53,1
DA:54,1
DA:57,1
DA:63,1
DA:64,1
DA:75,1
DA:81,6
DA:84,1
DA:87,1
DA:90,1
DA:96,1
DA:99,1
DA:102,1
DA:109,1
DA:112,1
DA:113,1
DA:114,0
DA:116,0
DA:122,1
DA:125,1
DA:128,1
DA:129,0
DA:130,0
DA:131,0
DA:136,1
DA:137,0
DA:138,0
DA:143,0
DA:152,0
DA:157,1
DA:158,0
DA:160,0
DA:163,0
DA:168,1
DA:174,1
DA:175,2
DA:178,2
DA:179,2
DA:180,2
DA:182,2
DA:188,1
DA:189,3
DA:192,3
DA:195,3
DA:201,1
DA:202,0
DA:204,0
DA:205,0
DA:208,0
DA:210,0
DA:211,0
DA:212,0
DA:215,0
DA:216,0
DA:217,0
DA:218,0
DA:219,0
DA:220,0
DA:221,0
DA:222,0
DA:225,0
DA:226,0
DA:227,0
DA:228,0
DA:230,0
DA:233,0
DA:236,0
DA:237,0
DA:240,0
DA:241,0
DA:248,1
DA:249,0
DA:251,0
DA:252,0
DA:255,0
DA:256,0
DA:257,0
DA:258,0
DA:259,0
DA:262,0
DA:263,0
DA:264,0
DA:265,0
DA:267,0
DA:270,0
DA:277,1
DA:278,0
DA:280,0
DA:281,0
DA:284,0
DA:285,0
DA:286,0
DA:288,0
DA:306,0
DA:312,1
DA:313,0
DA:315,0
DA:316,0
DA:319,0
DA:320,0
DA:330,0
DA:336,1
DA:337,1
DA:338,1
DA:339,1
DA:340,1
DA:343,1
DA:344,1
DA:345,1
DA:349,1
DA:350,1
DA:351,1
DA:355,1
DA:356,1
DA:357,1
DA:361,1
DA:364,1
DA:365,1
DA:371,1
DA:372,0
DA:374,0
DA:375,0
DA:377,0
DA:378,0
DA:379,0
DA:390,0
DA:396,1
DA:399,0
DA:401,0
DA:404,0
DA:405,0
DA:409,0
DA:410,0
DA:413,0
DA:414,0
DA:415,0
DA:423,1
DA:424,0
DA:426,0
DA:427,0
DA:429,0
DA:430,0
DA:432,0
DA:433,0
DA:437,0
DA:438,0
DA:439,0
DA:443,0
DA:452,1
DA:453,0
DA:454,0
DA:455,0
DA:458,0
DA:460,0
DA:463,0
DA:465,0
DA:466,0
DA:467,0
DA:470,0
DA:471,0
DA:474,0
DA:476,0
DA:477,0
DA:480,0
DA:481,0
DA:489,1
DA:490,0
DA:493,0
DA:496,0
DA:498,0
DA:505,1
DA:506,0
DA:513,1
DA:514,0
DA:516,0
DA:517,0
DA:525,1
DA:526,0
DA:527,0
LF:181
LH:63
BRDA:78,0,0,5
BRDA:81,1,0,5
BRDA:81,1,1,1
BRDA:112,2,0,1
BRDA:112,2,1,0
BRDA:112,3,0,1
BRDA:112,3,1,1
BRDA:114,4,0,0
BRDA:114,4,1,0
BRDA:129,5,0,0
BRDA:129,5,1,0
BRDA:137,6,0,0
BRDA:137,6,1,0
BRDA:144,7,0,0
BRDA:144,7,1,0
BRDA:158,8,0,0
BRDA:158,8,1,0
BRDA:158,9,0,0
BRDA:158,9,1,0
BRDA:175,10,0,0
BRDA:175,10,1,2
BRDA:189,11,0,0
BRDA:189,11,1,3
BRDA:192,12,0,3
BRDA:192,12,1,2
BRDA:202,13,0,0
BRDA:202,13,1,0
BRDA:208,14,0,0
BRDA:208,14,1,0
BRDA:217,15,0,0
BRDA:217,15,1,0
BRDA:218,16,0,0
BRDA:218,16,1,0
BRDA:219,17,0,0
BRDA:219,17,1,0
BRDA:249,18,0,0
BRDA:249,18,1,0
BRDA:255,19,0,0
BRDA:255,19,1,0
BRDA:262,20,0,0
BRDA:262,20,1,0
BRDA:278,21,0,0
BRDA:278,21,1,0
BRDA:313,22,0,0
BRDA:313,22,1,0
BRDA:337,23,0,1
BRDA:337,23,1,0
BRDA:343,24,0,1
BRDA:343,24,1,0
BRDA:349,25,0,1
BRDA:349,25,1,0
BRDA:355,26,0,1
BRDA:355,26,1,0
BRDA:372,27,0,0
BRDA:372,27,1,0
BRDA:378,28,0,0
BRDA:378,28,1,0
BRDA:378,29,0,0
BRDA:378,29,1,0
BRDA:399,30,0,0
BRDA:399,30,1,0
BRDA:424,31,0,0
BRDA:424,31,1,0
BRDA:429,32,0,0
BRDA:429,32,1,0
BRDA:433,33,0,0
BRDA:433,33,1,0
BRDA:453,34,0,0
BRDA:453,34,1,0
BRDA:453,35,0,0
BRDA:453,35,1,0
BRDA:465,36,0,0
BRDA:465,36,1,0
BRDA:470,37,0,0
BRDA:470,37,1,0
BRDA:490,38,0,0
BRDA:490,38,1,0
BRDA:490,39,0,0
BRDA:490,39,1,0
BRDA:514,40,0,0
BRDA:514,40,1,0
BRDA:514,41,0,0
BRDA:514,41,1,0
BRDA:526,42,0,0
BRDA:526,42,1,0
BRF:85
BRH:14
end_of_record
TN:
SF:src/utils/api.ts
FN:13,(anonymous_0)
FN:20,(anonymous_1)
FN:27,(anonymous_2)
FN:30,(anonymous_3)
FNF:4
FNH:0
FNDA:0,(anonymous_0)
FNDA:0,(anonymous_1)
FNDA:0,(anonymous_2)
FNDA:0,(anonymous_3)
DA:4,0
DA:12,0
DA:14,0
DA:15,0
DA:16,0
DA:18,0
DA:21,0
DA:26,0
DA:28,0
DA:31,0
DA:33,0
DA:35,0
DA:36,0
DA:39,0
LF:14
LH:0
BRDA:15,0,0,0
BRDA:15,0,1,0
BRDA:15,1,0,0
BRDA:15,1,1,0
BRDA:31,2,0,0
BRDA:31,2,1,0
BRDA:33,3,0,0
BRDA:33,3,1,0
BRF:8
BRH:0
end_of_record
TN:
SF:src/utils/yjsSyncProtocol.ts
FN:16,(anonymous_0)
FN:24,(anonymous_1)
FN:34,(anonymous_2)
FN:48,(anonymous_3)
FN:58,(anonymous_4)
FN:62,(anonymous_5)
FN:64,(anonymous_6)
FN:77,(anonymous_7)
FN:87,(anonymous_8)
FN:93,(anonymous_9)
FN:103,(anonymous_10)
FN:108,(anonymous_11)
FN:123,(anonymous_12)
FN:125,(anonymous_13)
FN:136,(anonymous_14)
FN:149,(anonymous_15)
FN:156,(anonymous_16)
FN:164,(anonymous_17)
FNF:18
FNH:4
FNDA:1,(anonymous_0)
FNDA:0,(anonymous_1)
FNDA:2,(anonymous_2)
FNDA:1,(anonymous_3)
FNDA:0,(anonymous_4)
FNDA:0,(anonymous_5)
FNDA:0,(anonymous_6)
FNDA:2,(anonymous_7)
FNDA:0,(anonymous_8)
FNDA:0,(anonymous_9)
FNDA:0,(anonymous_10)
FNDA:0,(anonymous_11)
FNDA:0,(anonymous_12)
FNDA:0,(anonymous_13)
FNDA:0,(anonymous_14)
FNDA:0,(anonymous_15)
FNDA:0,(anonymous_16)
FNDA:0,(anonymous_17)
DA:16,2
DA:17,1
DA:24,2
DA:25,0
DA:34,2
DA:36,2
DA:39,2
DA:48,2
DA:49,1
DA:58,2
DA:62,0
DA:64,0
DA:65,0
DA:66,0
DA:69,0
DA:77,2
DA:78,2
DA:87,2
DA:93,0
DA:94,0
DA:96,0
DA:98,0
DA:103,0
DA:104,0
DA:108,0
DA:109,0
DA:111,0
DA:112,0
DA:114,0
DA:123,2
DA:125,0
DA:126,0
DA:127,0
DA:136,2
DA:143,0
DA:146,0
DA:149,0
DA:150,0
DA:151,0
DA:156,0
DA:157,0
DA:158,0
DA:159,0
DA:164,0
DA:165,0
DA:168,0
DA:170,0
DA:171,0
LF:48
LH:14
BRDA:96,0,0,0
BRDA:96,0,1,0
BRDA:109,1,0,0
BRDA:109,1,1,0
BRDA:112,2,0,0
BRDA:112,2,1,0
BRDA:126,3,0,0
BRDA:126,3,1,0
BRDA:126,4,0,0
BRDA:126,4,1,0
BRDA:150,5,0,0
BRDA:150,5,1,0
BRDA:158,6,0,0
BRDA:158,6,1,0
BRDA:170,7,0,0
BRDA:170,7,1,0
BRF:16
BRH:0
end_of_record
